<?xml version="1.0"?>
<?xml-stylesheet type="text/xsl" href="xsl/pts-test-profile-viewer.xsl" ?>
<PhoronixTestSuite>
	<TestProfile>
		<Version>1.0.0</Version>
		<TestType>Processor</TestType>
		<SoftwareType>Utility</SoftwareType>
		<License>Free</License>
		<Status>Verified</Status>
		<Maintainer>Michael Larabel</Maintainer>
		<EnvironmentSize>0.05</EnvironmentSize>
		<ExternalDependencies>build-utilities</ExternalDependencies>
	</TestProfile>
	<TestInformation>
		<Title>Himeno Benchmark</Title>
		<SubTitle>Poisson Pressure Solver</SubTitle>
		<AppVersion>3.0</AppVersion>
		<TimesToRun>3</TimesToRun>
		<ResultScale>MFLOPS</ResultScale>
		<Proportion>HIB</Proportion>
		<Description>The Himeno benchmark is a linear solver of pressure Poisson using a point-Jacobi method.</Description>
	</TestInformation>
</PhoronixTestSuite>
