<?xml version="1.0"?>
<?xml-stylesheet type="text/xsl" href="xsl/pts-test-profile-viewer.xsl" ?>
<PhoronixTestSuite>
	<TestProfile>
		<Version>1.2.0</Version>
		<TestType>Processor</TestType>
		<SoftwareType>Utility</SoftwareType>
		<License>FREE</License>
		<Status>VERIFIED</Status>
		<Maintainer>Michael Larabel</Maintainer>
		<EnvironmentSize>196</EnvironmentSize>
                <ExternalDependencies>build-utilities, cmake, boost-development, bzip2-development</ExternalDependencies>
		<ProjectURL>http://minion.sourceforge.net/</ProjectURL>
	</TestProfile>
	<TestInformation>
		<Title>Minion</Title>
		<Version>0.9</Version>
		<TimesToRun>3</TimesToRun>
		<ResultScale>Seconds</ResultScale>
		<Proportion>LIB</Proportion>
		<Description>Minion is an open-source constraint solver that is designed to be very scalable. This test profile uses Minion's integrated benchmarking problems to solve.</Description>
	</TestInformation>
	<TestSettings>
		<Option>
			<DisplayName>Benchmark</DisplayName>
			<Identifier>benchmark</Identifier>
			<Menu>
				<Entry>
					<Name>Bibd</Name>
					<Value>benchmarks/Bibd/bibdline11.minion</Value>
				</Entry>
				<Entry>
					<Name>Graceful</Name>
					<Value>benchmarks/graceful/k6p2_table.minion</Value>
				</Entry>
				<Entry>
					<Name>Quasigroup</Name>
					<Value>benchmarks/Quasigroup/qg-watchelement-7-10.minion</Value>
				</Entry>
				<Entry>
					<Name>Solitaire</Name>
					<Value>benchmarks/solitaire/solitaire_benchmark_8.minion</Value>
				</Entry>
			</Menu>
		</Option>
	</TestSettings>
</PhoronixTestSuite>
