<?xml version="1.0"?>
<?xml-stylesheet type="text/xsl" href="xsl/pts-test-profile-viewer.xsl" ?>
<PhoronixTestSuite>
	<TestProfile>
		<Version>1.3.0</Version>
		<TestType>Processor</TestType>
		<SoftwareType>Utility</SoftwareType>
		<License>FREE</License>
		<Status>VERIFIED</Status>
		<Maintainer>Michael Larabel</Maintainer>
		<EnvironmentSize>1.0</EnvironmentSize>
		<Extends>mplayer-base</Extends>
	</TestProfile>
	<TestInformation>
		<Title>Mencoder</Title>
		<AppVersion>2009-06-04</AppVersion>
		<SubTitle>AVI To LAVC</SubTitle>
		<TimesToRun>3</TimesToRun>
		<ResultScale>Seconds</ResultScale>
		<Proportion>LIB</Proportion>
		<Description>This test uses mplayer's mencoder utility and the libavcodec family for testing the system's audio/video encoding performance.</Description>
	</TestInformation>
</PhoronixTestSuite>
