<?xml version="1.0"?>
<?xml-stylesheet type="text/xsl" href="xsl/pts-test-profile-viewer.xsl" ?>
<PhoronixTestSuite>
	<TestProfile>
		<Version>1.2.0</Version>
		<Maintainer>apaige</Maintainer>
		<EnvironmentSize>5</EnvironmentSize>
		<ProjectURL>http://www.wavpack.com/</ProjectURL>
		<Extends>timed-audio-encode</Extends>
		<EnvironmentSize>1.1</EnvironmentSize>
		<SupportedPlatforms>Linux, MacOSX, Solaris</SupportedPlatforms>
	</TestProfile>
	<TestInformation>
		<Title>WavPack Audio Encoding</Title>
		<AppVersion>4.41.0</AppVersion>
		<SubTitle>WAV To WavPack</SubTitle>
		<Executable>encode-wavpack</Executable>
		<Description>This test times how long it takes to encode a sample WAV file to WavPack format.</Description>
	</TestInformation>
</PhoronixTestSuite>
