<?xml version="1.0"?>
<!--Phoronix Test Suite v3.0.0a2 (Iveland) [ http://www.phoronix-test-suite.com/ ]-->
<PhoronixTestSuite>
  <TestInformation>
    <Title>Idle Power Usage</Title>
    <ResultScale>microAmps</ResultScale>
    <SubTitle>System Current</SubTitle>
    <DisplayFormat>LINE_GRAPH</DisplayFormat>
    <TimesToRun>1</TimesToRun>
  </TestInformation>
  <TestProfile>
    <Version>1.0.0</Version>
    <TestType>System</TestType>
    <SoftwareType>Utility</SoftwareType>
    <License>Free</License>
    <Status>Verified</Status>
    <SupportedPlatforms>Linux</SupportedPlatforms>
    <EnvironmentSize>1.0</EnvironmentSize>
    <Maintainer>Michael Larabel</Maintainer>
  </TestProfile>
  <TestSettings>
    <Option>
      <DisplayName>Minutes Idle</DisplayName>
      <Identifier>idle-time</Identifier>
    </Option>
  </TestSettings>
</PhoronixTestSuite>
