<?xml version="1.0"?>
<?xml-stylesheet type="text/xsl" href="xsl/pts-test-profile-viewer.xsl" ?>
<PhoronixTestSuite>
	<TestProfile>
		<Version>1.0.0</Version>
		<TestType>System</TestType>
		<SoftwareType>Utility</SoftwareType>
		<License>FREE</License>
		<Status>VERIFIED</Status>
		<Maintainer>Michael Larabel</Maintainer>
		<EnvironmentSize>1.0</EnvironmentSize>
	</TestProfile>
	<TestInformation>
		<Title>Idle Power Usage</Title>
		<SubTitle>System Current</SubTitle>
		<TimesToRun>1</TimesToRun>
		<ResultScale>microAmps</ResultScale>
		<DisplayFormat>LINE_GRAPH</DisplayFormat>
	</TestInformation>
        <TestSettings>
		<Option>
			<DisplayName>Minutes Idle</DisplayName>
			<Identifier>idle-time</Identifier>
		</Option>
        </TestSettings>
</PhoronixTestSuite>
