<?xml version="1.0"?>
<?xml-stylesheet type="text/xsl" href="xsl/pts-test-profile-viewer.xsl" ?>
<PhoronixTestSuite>
	<TestProfile>
		<Version>1.1.0</Version>
		<TestType>Graphics</TestType>
		<SoftwareType>Game</SoftwareType>
		<License>NON-Free</License>
		<Status>Verified</Status>
		<Maintainer>Michael Larabel</Maintainer>
		<EnvironmentSize>765</EnvironmentSize>
		<SupportedArchitectures>x86, x86_64</SupportedArchitectures>
		<ExternalDependencies>32bit-compatibility</ExternalDependencies>
		<ProjectURL>http://www.enemyterritory.com/</ProjectURL>
		<SupportedPlatforms>Linux</SupportedPlatforms>
	</TestProfile>
	<TestInformation>
		<Title>ET: Quake Wars Demo</Title>
		<Executable>etqw</Executable>
		<TimesToRun>3</TimesToRun>
		<ResultScale>Frames Per Second</ResultScale>
		<Proportion>HIB</Proportion>
		<Description>This test calculates the average frame-rate within the demo for the game Enemy Territory: Quake Wars demo game.</Description>
		<DownloadSize>660</DownloadSize>
		<EnvironmentSize>763</EnvironmentSize>
	</TestInformation>
	<TestSettings>
		<Default>
			<Arguments>+set sys_VideoRam $VIDEO_MEMORY +set r_mode -1 +set in_tty 0 +exec etqw-pts.cfg</Arguments>
			<PostArguments>+vid_restart</PostArguments>
		</Default>
		<Option>
			<DisplayName>Resolution</DisplayName>
			<Identifier>auto-resolution</Identifier>
			<Menu>
				<Entry>
					<Name>$VIDEO_WIDTH x $VIDEO_HEIGHT</Name>
					<Value>+set r_customWidth $VIDEO_WIDTH +set r_customHeight $VIDEO_HEIGHT</Value>
				</Entry>
			</Menu>
		</Option>
	</TestSettings>
</PhoronixTestSuite>
