<?xml version="1.0"?>
<?xml-stylesheet type="text/xsl" href="xsl/pts-test-profile-viewer.xsl" ?>
<PhoronixTestSuite>
	<TestProfile>
		<Version>1.0.0</Version>
		<TestType>System</TestType>
		<SoftwareType>Utility</SoftwareType>
		<License>FREE</License>
		<Status>VERIFIED</Status>
		<Maintainer>Achim Gottinger</Maintainer>
		<EnvironmentSize>4.8</EnvironmentSize>
		<ProjectURL>http://mathema.tician.de/software/pyopencl</ProjectURL>
		<ExternalDependencies>build-utilities, boost-thread-development, python, python-boost-development, python-numpy</ExternalDependencies>
		<SupportedPlatforms>Linux</SupportedPlatforms>
		<SupportedArchitectures>x86_64</SupportedArchitectures>
	</TestProfile>
	<TestInformation>
		<Title>PyOpenCL</Title>
		<AppVersion>0.91.3</AppVersion>
		<TimesToRun>3</TimesToRun>
		<ResultScale>GB/s</ResultScale>
		<Proportion>HIB</Proportion>
		<Description>Bandwidth Tests</Description>
	</TestInformation>
	<TestSettings>
		<Option>
			<DisplayName>Type</DisplayName>
			<Identifier>type</Identifier>
			<Menu>
				<Entry>
					<Name>Silly</Name>
					<Value>Silly</Value>
				</Entry>
				<Entry>
					<Name>Naive</Name>
					<Value>Naive</Value>
				</Entry>
				<Entry>	
					<Name>Local</Name>
					<Value>Local</Value>
				</Entry>					
			</Menu>			
		</Option>
	</TestSettings>
</PhoronixTestSuite>
