<?xml version="1.0"?>
<?xml-stylesheet type="text/xsl" href="xsl/pts-test-profile-viewer.xsl" ?>
<PhoronixTestSuite>
	<TestProfile>
		<Version>1.4.0</Version>
		<TestType>Processor</TestType>
		<SoftwareType>Utility</SoftwareType>
		<License>FREE</License>
		<Status>VERIFIED</Status>
		<Maintainer>Michael Larabel</Maintainer>
		<EnvironmentSize>22</EnvironmentSize>
		<Extends>photo-sample</Extends>
		<ExternalDependencies>build-utilities, zlib-development</ExternalDependencies>
		<ProjectURL>http://www.graphicsmagick.org/</ProjectURL>
	</TestProfile>
	<TestInformation>
		<Title>GraphicsMagick</Title>
		<AppVersion>1.3.12</AppVersion>
		<TimesToRun>3</TimesToRun>
		<ResultScale>Iterations Per Minute</ResultScale>
		<Proportion>HIB</Proportion>
		<Description>This is a test of GraphicsMagick with its OpenMP implementation that performs various imaging tests to stress the system's CPU.</Description>
	</TestInformation>
	<TestSettings>
		<Option>
			<DisplayName>Operation</DisplayName>
			<Identifier>operation</Identifier>
			<Menu>
				<Entry>
					<Name>HWB Color Space</Name>
					<Value>-colorspace HWB</Value>
				</Entry>
				<Entry>
					<Name>Blur</Name>
					<Value>-blur 0x1.0</Value>
				</Entry>
				<Entry>
					<Name>Local Adaptive Thresholding</Name>
					<Value>-lat 10x10-5%</Value>
				</Entry>
				<Entry>
					<Name>Resizing</Name>
					<Value>-resize 50%</Value>
				</Entry>
				<Entry>
					<Name>Sharpen</Name>
					<Value>-sharpen 0x1.0</Value>
				</Entry>
			</Menu>
		</Option>
	</TestSettings>
</PhoronixTestSuite>
