<?xml version="1.0"?>
<?xml-stylesheet type="text/xsl" href="xsl/pts-test-profile-viewer.xsl" ?>
<PhoronixTestSuite>
	<TestProfile>
		<Version>1.0.0</Version>
		<TestType>System</TestType>
		<SoftwareType>Utility</SoftwareType>
		<License>FREE</License>
		<Status>VERIFIED</Status>
		<Maintainer>Michael Larabel</Maintainer>
		<EnvironmentSize>1.0</EnvironmentSize>
		<SupportedPlatforms>Linux, BSD, Solaris</SupportedPlatforms>
		<Extends>mplayer-base</Extends>
	</TestProfile>
	<TestInformation>
		<Title>Battery Power Usage</Title>
		<SubTitle>Idle, DPMS Off, Video Playback</SubTitle>
		<TimesToRun>1</TimesToRun>
		<ResultScale>Milliwatts</ResultScale>
		<DisplayFormat>LINE_GRAPH</DisplayFormat>
		<Description>This test is designed for notebooks and netbooks and monitor's the system's battery consumption as it idles for 60 seconds, then turns off the monitor for 60 seconds via DPMS, then turns the display back on and plays back a sample H.264 1080p video file using mplayer with the X-Video output adapter. A line graph showing the power usage is then rendered.</Description>
	</TestInformation>
</PhoronixTestSuite>
