<?xml version="1.0"?>
<PhoronixTestSuite>
	<Definitions>
		<Define>
			<Name>P_SUITE_TITLE</Name>
			<Value>PhoronixTestSuite/SuiteInformation/Title</Value>
		</Define>
		<Define>
			<Name>P_SUITE_VERSION</Name>
			<Value>PhoronixTestSuite/SuiteInformation/Version</Value>
		</Define>
		<Define>
			<Name>P_SUITE_DESCRIPTION</Name>
			<Value>PhoronixTestSuite/SuiteInformation/Description</Value>
		</Define>
		<Define>
			<Name>P_SUITE_MAINTAINER</Name>
			<Value>PhoronixTestSuite/SuiteInformation/Maintainer</Value>
		</Define>
		<Define>
			<Name>P_SUITE_TYPE</Name>
			<Value>PhoronixTestSuite/SuiteInformation/TestType</Value>
		</Define>
		<Define>
			<Name>P_SUITE_PRERUNMSG</Name>
			<Value>PhoronixTestSuite/SuiteInformation/PreRunMessage</Value>
		</Define>
		<Define>
			<Name>P_SUITE_POSTRUNMSG</Name>
			<Value>PhoronixTestSuite/SuiteInformation/PostRunMessage</Value>
		</Define>
		<Define>
			<Name>P_SUITE_RUNMODE</Name>
			<Value>PhoronixTestSuite/SuiteInformation/RunMode</Value>
		</Define>
		<Define>
			<Name>P_SUITE_REFERENCE_SYSTEMS</Name>
			<Value>PhoronixTestSuite/SuiteInformation/ReferenceSystems</Value>
		</Define>
		<Define>
			<Name>P_SUITE_TEST_NAME</Name>
			<Value>PhoronixTestSuite/RunTest/Test</Value>
		</Define>
		<Define>
			<Name>P_SUITE_TEST_MODE</Name>
			<Value>PhoronixTestSuite/RunTest/Mode</Value>
		</Define>
		<Define>
			<Name>P_SUITE_TEST_ARGUMENTS</Name>
			<Value>PhoronixTestSuite/RunTest/Arguments</Value>
		</Define>
		<Define>
			<Name>P_SUITE_TEST_DESCRIPTION</Name>
			<Value>PhoronixTestSuite/RunTest/Description</Value>
		</Define>
		<Define>
			<Name>P_SUITE_TEST_OVERRIDE_OPTIONS</Name>
			<Value>PhoronixTestSuite/RunTest/OverrideTestOptions</Value>
		</Define>
		<Define>
			<Name>P_SUITE_TEST_WEIGHT</Name>
			<Value>PhoronixTestSuite/RunTest/Weight</Value>
		</Define>
		<Define>
			<Name>P_SUITE_WEIGHTED_BASE_FROM_TEST</Name>
			<Value>PhoronixTestSuite/WeightInformation/BaseFromTestProfile</Value>
		</Define>
		<Define>
			<Name>P_SUITE_WEIGHTED_INITIAL_VALUE</Name>
			<Value>PhoronixTestSuite/WeightInformation/InitialValue</Value>
		</Define>
		<Define>
			<Name>P_SUITE_WEIGHTED_FINAL_WEIGHT_EXPRESSION</Name>
			<Value>PhoronixTestSuite/WeightInformation/FinalWeight</Value>
		</Define>
	</Definitions>
</PhoronixTestSuite>
