<?xml version="1.0"?>
<PhoronixTestSuite>
	<Definitions>
		<Define>
			<Name>P_TEST_TITLE</Name>
			<Value>PhoronixTestSuite/TestInformation/Title</Value>
		</Define>
		<Define>
			<Name>P_TEST_SUBTITLE</Name>
			<Value>PhoronixTestSuite/TestInformation/SubTitle</Value>
		</Define>
		<Define>
			<Name>P_TEST_VERSION</Name>
			<Value>PhoronixTestSuite/TestInformation/Version</Value>
		</Define>
		<Define>
			<Name>P_TEST_DESCRIPTION</Name>
			<Value>PhoronixTestSuite/TestInformation/Description</Value>
		</Define>
		<Define>
			<Name>P_TEST_SCALE</Name>
			<Value>PhoronixTestSuite/TestInformation/ResultScale</Value>
		</Define>
		<Define>
			<Name>P_TEST_QUANTIFIER</Name>
			<Value>PhoronixTestSuite/TestInformation/ResultQuantifier</Value>
		</Define>
		<Define>
			<Name>P_TEST_RESULTFORMAT</Name>
			<Value>PhoronixTestSuite/TestInformation/ResultFormat</Value>
		</Define>
		<Define>
			<Name>P_TEST_PROPORTION</Name>
			<Value>PhoronixTestSuite/TestInformation/Proportion</Value>
		</Define>
		<Define>
			<Name>P_TEST_EXECUTABLE</Name>
			<Value>PhoronixTestSuite/TestInformation/Executable</Value>
		</Define>
		<Define>
			<Name>P_TEST_RUNCOUNT</Name>
			<Value>PhoronixTestSuite/TestInformation/TimesToRun</Value>
		</Define>
		<Define>
			<Name>P_TEST_IGNORERUNS</Name>
			<Value>PhoronixTestSuite/TestInformation/IgnoreRuns</Value>
		</Define>
		<Define>
			<Name>P_TEST_INSTALLAGREEMENT</Name>
			<Value>PhoronixTestSuite/TestInformation/InstallationAgreement</Value>
		</Define>
		<Define>
			<Name>P_TEST_PREINSTALLMSG</Name>
			<Value>PhoronixTestSuite/TestInformation/PreInstallMessage</Value>
		</Define>
		<Define>
			<Name>P_TEST_POSTINSTALLMSG</Name>
			<Value>PhoronixTestSuite/TestInformation/PostInstallMessage</Value>
		</Define>
		<Define>
			<Name>P_TEST_PRERUNMSG</Name>
			<Value>PhoronixTestSuite/TestInformation/PreRunMessage</Value>
		</Define>
		<Define>
			<Name>P_TEST_POSTRUNMSG</Name>
			<Value>PhoronixTestSuite/TestInformation/PostRunMessage</Value>
		</Define>
		<Define>
			<Name>P_TEST_PTSVERSION</Name>
			<Value>PhoronixTestSuite/TestProfile/Version</Value>
		</Define>
		<Define>
			<Name>P_TEST_HARDWARE_TYPE</Name>
			<Value>PhoronixTestSuite/TestProfile/TestType</Value>
		</Define>
		<Define>
			<Name>P_TEST_SOFTWARE_TYPE</Name>
			<Value>PhoronixTestSuite/TestProfile/SoftwareType</Value>
		</Define>
		<Define>
			<Name>P_TEST_MAINTAINER</Name>
			<Value>PhoronixTestSuite/TestProfile/Maintainer</Value>
		</Define>
		<Define>
			<Name>P_TEST_LICENSE</Name>
			<Value>PhoronixTestSuite/TestProfile/License</Value>
		</Define>
		<Define>
			<Name>P_TEST_STATUS</Name>
			<Value>PhoronixTestSuite/TestProfile/Status</Value>
		</Define>
		<Define>
			<Name>P_TEST_SUPPORTEDARCHS</Name>
			<Value>PhoronixTestSuite/TestProfile/SupportedArchitectures</Value>
		</Define>
		<Define>
			<Name>P_TEST_SUPPORTEDPLATFORMS</Name>
			<Value>PhoronixTestSuite/TestProfile/SupportedPlatforms</Value>
		</Define>
		<Define>
			<Name>P_TEST_EXDEP</Name>
			<Value>PhoronixTestSuite/TestProfile/ExternalDependencies</Value>
		</Define>
		<Define>
			<Name>P_TEST_CTPEXTENDS</Name>
			<Value>PhoronixTestSuite/TestProfile/Extends</Value>
		</Define>
		<Define>
			<Name>P_TEST_ROOTNEEDED</Name>
			<Value>PhoronixTestSuite/TestProfile/RequiresRoot</Value>
		</Define>
		<Define>
			<Name>P_TEST_ENVIRONMENTSIZE</Name>
			<Value>PhoronixTestSuite/TestProfile/EnvironmentSize</Value>
		</Define>
		<Define>
			<Name>P_TEST_ENVIRONMENT_TESTING_SIZE</Name>
			<Value>PhoronixTestSuite/TestProfile/EnvironmentTestingSize</Value>
		</Define>
		<Define>
			<Name>P_TEST_ESTIMATEDTIME</Name>
			<Value>PhoronixTestSuite/TestProfile/EstimatedLength</Value>
		</Define>
		<Define>
			<Name>P_TEST_PROJECTURL</Name>
			<Value>PhoronixTestSuite/TestProfile/ProjectURL</Value>
		</Define>
		<Define>
			<Name>P_TEST_SUPPORTS_COREVERSION</Name>
			<Value>PhoronixTestSuite/TestProfile/RequiresCoreVersion</Value>
		</Define>
		<Define>
			<Name>P_TEST_REFERENCE_SYSTEMS</Name>
			<Value>PhoronixTestSuite/TestProfile/ReferenceSystems</Value>
		</Define>
		<Define>
			<Name>P_TEST_ALLOW_GLOBAL_UPLOADS</Name>
			<Value>PhoronixTestSuite/TestProfile/AllowGlobalUploads</Value>
		</Define>
		<Define>
			<Name>P_TEST_AUTO_SAVE_RESULTS</Name>
			<Value>PhoronixTestSuite/TestProfile/AutoSaveResults</Value>
		</Define>
		<Define>
			<Name>P_TEST_DEFAULTARGUMENTS</Name>
			<Value>PhoronixTestSuite/TestSettings/Default/Arguments</Value>
		</Define>
		<Define>
			<Name>P_TEST_DEFAULT_POST_ARGUMENTS</Name>
			<Value>PhoronixTestSuite/TestSettings/Default/PostArguments</Value>
		</Define>
		<Define>
			<Name>P_TEST_POSSIBLEPATHS</Name>
			<Value>PhoronixTestSuite/TestSettings/Default/PossiblePaths</Value>
		</Define>
		<Define>
			<Name>P_TEST_ALLOW_CACHE_SHARE</Name>
			<Value>PhoronixTestSuite/TestSettings/Default/AllowCacheShare</Value>
		</Define>
		<Define>
			<Name>P_TEST_MIN_LENGTH</Name>
			<Value>PhoronixTestSuite/TestSettings/Default/MinimumLength</Value>
		</Define>
		<Define>
			<Name>P_TEST_MAX_LENGTH</Name>
			<Value>PhoronixTestSuite/TestSettings/Default/MaximumLength</Value>
		</Define>
		<Define>
			<Name>P_TEST_OPTIONS_DISPLAYNAME</Name>
			<Value>PhoronixTestSuite/TestSettings/Option/DisplayName</Value>
		</Define>
		<Define>
			<Name>P_TEST_OPTIONS_ARGPREFIX</Name>
			<Value>PhoronixTestSuite/TestSettings/Option/ArgumentPrefix</Value>
		</Define>
		<Define>
			<Name>P_TEST_OPTIONS_ARGPOSTFIX</Name>
			<Value>PhoronixTestSuite/TestSettings/Option/ArgumentPostfix</Value>
		</Define>
		<Define>
			<Name>P_TEST_OPTIONS_IDENTIFIER</Name>
			<Value>PhoronixTestSuite/TestSettings/Option/Identifier</Value>
		</Define>
		<Define>
			<Name>P_TEST_OPTIONS_DEFAULTENTRY</Name>
			<Value>PhoronixTestSuite/TestSettings/Option/DefaultEntry</Value>
		</Define>
		<Define>
			<Name>P_TEST_OPTIONS_MENU_GROUP</Name>
			<Value>PhoronixTestSuite/TestSettings/Option/Menu</Value>
		</Define>
		<Define>
			<Name>P_TEST_OPTIONS_MENU_GROUP_NAME</Name>
			<Value>PhoronixTestSuite/TestSettings/Option/Menu/Entry/Name</Value>
		</Define>
		<Define>
			<Name>P_TEST_OPTIONS_MENU_GROUP_VALUE</Name>
			<Value>PhoronixTestSuite/TestSettings/Option/Menu/Entry/Value</Value>
		</Define>
	</Definitions>
</PhoronixTestSuite>
