<?xml version="1.0"?>
<PhoronixTestSuite>
	<Definitions>
		<Define>
			<Name>P_INSTALL_TEST_NAME</Name>
			<Value>PhoronixTestSuite/TestInstallation/Environment/Name</Value>
		</Define>
		<Define>
			<Name>P_INSTALL_TEST_VERSION</Name>
			<Value>PhoronixTestSuite/TestInstallation/Environment/Version</Value>
		</Define>
		<Define>
			<Name>P_INSTALL_TEST_CHECKSUM</Name>
			<Value>PhoronixTestSuite/TestInstallation/Environment/CheckSum</Value>
		</Define>
		<Define>
			<Name>P_INSTALL_TEST_SYSIDENTIFY</Name>
			<Value>PhoronixTestSuite/TestInstallation/Environment/SystemIdentifier</Value>
		</Define>
		<Define>
			<Name>P_INSTALL_TEST_INSTALLTIME</Name>
			<Value>PhoronixTestSuite/TestInstallation/History/InstallTime</Value>
		</Define>
		<Define>
			<Name>P_INSTALL_TEST_INSTALLTIME_LENGTH</Name>
			<Value>PhoronixTestSuite/TestInstallation/History/InstallTimeLength</Value>
		</Define>
		<Define>
			<Name>P_INSTALL_TEST_LASTRUNTIME</Name>
			<Value>PhoronixTestSuite/TestInstallation/History/LastRunTime</Value>
		</Define>
		<Define>
			<Name>P_INSTALL_TEST_TIMESRUN</Name>
			<Value>PhoronixTestSuite/TestInstallation/History/TimesRun</Value>
		</Define>
		<Define>
			<Name>P_INSTALL_TEST_AVG_RUNTIME</Name>
			<Value>PhoronixTestSuite/TestInstallation/History/AverageRunTime</Value>
		</Define>
		<Define>
			<Name>P_INSTALL_TEST_LATEST_RUNTIME</Name>
			<Value>PhoronixTestSuite/TestInstallation/History/LatestRunTime</Value>
		</Define>
	</Definitions>
</PhoronixTestSuite>
