<?xml version="1.0"?>
<!--Phoronix Test Suite v3.0.0a2 (Iveland) [ http://www.phoronix-test-suite.com/ ]-->
<PhoronixTestSuite>
  <TestInformation>
    <Title>7-Zip Compression</Title>
    <Description>This is a test of 7-Zip using p7zip with its integrated benchmark feature.</Description>
    <ResultScale>MIPS</ResultScale>
    <AppVersion>9.13</AppVersion>
    <SubTitle>Compress Speed Test</SubTitle>
    <Proportion>HIB</Proportion>
    <TimesToRun>3</TimesToRun>
  </TestInformation>
  <TestProfile>
    <Version>1.5.0</Version>
    <TestType>Processor</TestType>
    <SoftwareType>Utility</SoftwareType>
<SupportedPlatforms>Linux, BSD, Solaris, MacOSX</SupportedPlatforms>
    <License>Free</License>
    <Status>Verified</Status>
    <ExternalDependencies>build-utilities</ExternalDependencies>
	<InternalTags>SMP</InternalTags>
    <EnvironmentSize>9.3</EnvironmentSize>
    <ProjectURL>http://www.7-zip.org/</ProjectURL>
    <Maintainer>Michael Larabel</Maintainer>
  </TestProfile>
</PhoronixTestSuite>
