<?xml version="1.0"?>
<?xml-stylesheet type="text/xsl" href="xsl/pts-test-profile-viewer.xsl" ?>
<PhoronixTestSuite>
	<TestProfile>
		<Version>1.5.0</Version>
		<TestType>Graphics</TestType>
		<SoftwareType>Game</SoftwareType>
		<License>NON-Free</License>
		<Status>Verified</Status>
		<Maintainer>Michael Larabel</Maintainer>
		<EnvironmentSize>55</EnvironmentSize>
		<SupportedArchitectures>x86, x86_64</SupportedArchitectures>
		<ExternalDependencies>32bit-compatibility</ExternalDependencies>
		<ProjectURL>http://www.unigine.com/</ProjectURL>
		<SupportedPlatforms>Linux, Windows</SupportedPlatforms>
	</TestProfile>
	<TestInformation>
		<Title>Unigine Sanctuary</Title>
		<AppVersion>2.3</AppVersion>
		<TimesToRun>3</TimesToRun>
		<ResultScale>Frames Per Second</ResultScale>
		<Proportion>HIB</Proportion>
		<Description>This test calculates the average frame-rate within the Sanctuary demo for the Unigine engine. This engine is very demanding on the system's graphics card.</Description>
	</TestInformation>
	<TestSettings>
		<Option>
			<DisplayName>Resolution</DisplayName>
			<Identifier>auto-resolution</Identifier>
			<Menu>
				<Entry>
					<Name>$VIDEO_WIDTH x $VIDEO_HEIGHT</Name>
					<Value>-video_width $VIDEO_WIDTH -video_height $VIDEO_HEIGHT</Value>
				</Entry>
			</Menu>
		</Option>
	</TestSettings>
</PhoronixTestSuite>
