<?xml version="1.0"?>
<!--Phoronix Test Suite v3.0.0a2 (Iveland) [ http://www.phoronix-test-suite.com/ ]-->
<PhoronixTestSuite>
  <TestInformation>
    <Title>Timed MPlayer Compilation</Title>
    <Description>This test times how long it takes to build the MPlayer media player program.</Description>
    <ResultScale>Seconds</ResultScale>
    <AppVersion>1.0-rc3</AppVersion>
    <SubTitle>Time To Compile</SubTitle>
    <Proportion>LIB</Proportion>
    <Executable>time-compile-mplayer</Executable>
  </TestInformation>
  <TestProfile>
    <Version>1.3.0</Version>
    <TestType>Processor</TestType>
    <SoftwareType>Utility</SoftwareType>
    <License>Free</License>
    <Status>Verified</Status>
    <SupportedPlatforms>Linux, MacOSX</SupportedPlatforms>
    <ExternalDependencies>build-utilities</ExternalDependencies>
    <ProjectURL>http://www.mplayerhq.hu/</ProjectURL>
    <Maintainer>Michael Larabel</Maintainer>
  </TestProfile>
</PhoronixTestSuite>
