<?xml version="1.0"?>
<?xml-stylesheet type="text/xsl" href="xsl/pts-test-profile-viewer.xsl" ?>
<PhoronixTestSuite>
	<TestProfile>
		<Version>1.0.0</Version>
		<TestType>Processor</TestType>
		<SoftwareType>Utility</SoftwareType>
		<License>FREE</License>
		<Status>VERIFIED</Status>
		<Maintainer>Michael Larabel</Maintainer>
		<EnvironmentSize>46.4</EnvironmentSize>
		<ExternalDependencies>build-utilities, fortran-compiler, fftw3-development, blas-development, lapack-development</ExternalDependencies>
		<SupportedPlatforms>Linux</SupportedPlatforms>
		<ProjectURL>http://openfmm.sourceforge.net/</ProjectURL>
	</TestProfile>
	<TestInformation>
		<Title>Open FMM Nero2D</Title>
		<AppVersion>2.0.2</AppVersion>
		<SubTitle>Total Time</SubTitle>
		<TimesToRun>1</TimesToRun>
		<ResultScale>Seconds</ResultScale>
		<Proportion>LIB</Proportion>
		<Description>This is a test of Nero2D, which is a two-dimensional TM/TE solver for Open FMM. Open FMM is a free collection of electromagnetic software for scattering at very large objects. This test profile times how long it takes to solve one of the included 2D examples.</Description>
	</TestInformation>
	<TestSettings>
		<Default>
			<Arguments>nero2d_/share/examples/example2/example2.igf</Arguments>
		</Default>
	</TestSettings>
</PhoronixTestSuite>
