<?xml version="1.0"?>
<PhoronixTestSuite>
	<TestProfile>
		<ProjectURL>http://www.humus.name/</ProjectURL>
		<TestType>Graphics</TestType>
		<Extends>wine-unstable</Extends>
		<Status>Verified</Status>
		<SupportedPlatforms>Linux</SupportedPlatforms>
	</TestProfile>
	<TestInformation>
		<ResultScale>Frames Per Second</ResultScale>
		<Proportion>HIB</Proportion>
		<TimesToRun>3</TimesToRun>
	</TestInformation>
</PhoronixTestSuite>
