<?xml version="1.0"?>
<?xml-stylesheet type="text/xsl" href="xsl/pts-test-profile-viewer.xsl" ?>
<PhoronixTestSuite>
	<TestProfile>
		<Version>1.1.0</Version>
		<TestType>Graphics</TestType>
		<SoftwareType>Utility</SoftwareType>
		<License>Free</License>
		<Status>Verified</Status>
		<Maintainer>Michael Larabel</Maintainer>
		<EnvironmentSize>1800</EnvironmentSize>
		<ProjectURL>http://www.spec.org/</ProjectURL>
		<ExternalDependencies>build-utilities, glut, csh, libpng-development</ExternalDependencies>
		<SupportedPlatforms>Linux, Solaris</SupportedPlatforms>
	</TestProfile>
	<TestInformation>
		<Title>SPECViewPerf 9</Title>
		<TimesToRun>3</TimesToRun>
		<ResultScale>Weighted Geometric Mean</ResultScale>
		<Proportion>HIB</Proportion>
		<Description>This test runs SPECViewPerf 9.0, which is made up of real-world OpenGL workstation tests such as 3DS Max, CATIA, Maya, Pro/Engineer, and SolidWorks.</Description>
	</TestInformation>
	<TestSettings>
		<Option>
			<DisplayName>SPECViewPerf Test</DisplayName>
			<Identifier>run-test</Identifier>
			<Menu>
				<Entry>
					<Name>3dsmax-04</Name>
					<Value>3dsmax</Value>
				</Entry>
				<Entry>
					<Name>catia-02</Name>
					<Value>catia</Value>
				</Entry>
				<Entry>
					<Name>ensight-03</Name>
					<Value>ensight</Value>
				</Entry>
				<Entry>
					<Name>light-08</Name>
					<Value>light</Value>
				</Entry>
				<Entry>
					<Name>maya-02</Name>
					<Value>maya</Value>
				</Entry>
				<Entry>
					<Name>proe-04</Name>
					<Value>proe</Value>
				</Entry>
				<Entry>
					<Name>sw-01</Name>
					<Value>sw</Value>
				</Entry>
				<Entry>
					<Name>ugnx-01</Name>
					<Value>ugnx</Value>
				</Entry>
				<Entry>
					<Name>tcvis-01</Name>
					<Value>tcvis</Value>
				</Entry>
			</Menu>
		</Option>
	</TestSettings>
</PhoronixTestSuite>
