<?xml version="1.0"?>
<?xml-stylesheet type="text/xsl" href="xsl/pts-test-profile-viewer.xsl" ?>
<PhoronixTestSuite>
	<TestProfile>
		<Version>1.2.0</Version>
		<TestType>Processor</TestType>
		<SoftwareType>Scientific</SoftwareType>
		<License>Free</License>
		<Status>Verified</Status>
		<EnvironmentSize>17.1</EnvironmentSize>
		<Maintainer>Andrew Schofield</Maintainer>
		<ProjectURL>http://align.bmr.kyushu-u.ac.jp/mafft/software/</ProjectURL>
		<ExternalDependencies>build-utilities</ExternalDependencies>
		<SupportedPlatforms>Linux, MacOSX, BSD</SupportedPlatforms>
	</TestProfile>
	<TestInformation>
		<Title>Timed MAFFT Alignment</Title>
		<AppVersion>6.706</AppVersion>
		<SubTitle>Multiple Sequence Alignment</SubTitle>
		<ResultScale>Seconds</ResultScale>
		<TimesToRun>3</TimesToRun>
		<Description>This test performs an alignment of 100 pyruvate decarboxylase sequences.</Description>
		<Proportion>LIB</Proportion>
	</TestInformation>
</PhoronixTestSuite>

