<?xml version="1.0"?>
<!--Phoronix Test Suite v3.0.0a2 (Iveland) [ http://www.phoronix-test-suite.com/ ]-->
<PhoronixTestSuite>
  <TestInformation>
    <Title>Bwfirt</Title>
    <Description>This is a test of bwfirt, which is a ray-tracing benchmark specifically designed around physically-based light simulation. Rendered is an 800 x 600 image with 196 rendering passes and the funky-kd ray-tracing kernel.</Description>
    <ResultScale>Seconds</ResultScale>
    <AppVersion>0.666</AppVersion>
    <SubTitle>Total Time</SubTitle>
    <Proportion>LIB</Proportion>
    <Executable>bwfirt-benchmark</Executable>
    <TimesToRun>3</TimesToRun>
  </TestInformation>
  <TestProfile>
    <Version>1.0.0</Version>
    <TestType>Processor</TestType>
    <SoftwareType>Utility</SoftwareType>
    <License>Free</License>
    <Status>Verified</Status>
    <SupportedPlatforms>Linux</SupportedPlatforms>
    <ExternalDependencies>build-utilities, scons, libpng-development</ExternalDependencies>
    <EnvironmentSize>1.5</EnvironmentSize>
    <ProjectURL>http://bwfirt.sourceforge.net/</ProjectURL>
    <Maintainer>Michael Larabel</Maintainer>
  </TestProfile>
</PhoronixTestSuite>
