<?xml version="1.0"?>
<?xml-stylesheet type="text/xsl" href="xsl/pts-test-profile-viewer.xsl" ?>
<PhoronixTestSuite>
	<TestProfile>
		<Version>1.0.0</Version>
		<TestType>Processor</TestType>
		<SoftwareType>Utility</SoftwareType>
		<License>FREE</License>
		<Status>VERIFIED</Status>
		<Maintainer>Michael Larabel</Maintainer>
		<EnvironmentSize>1.5</EnvironmentSize>
		<ExternalDependencies>build-utilities, scons, libpng-development</ExternalDependencies>
		<ProjectURL>http://bwfirt.sourceforge.net/</ProjectURL>
		<SupportedPlatforms>Linux</SupportedPlatforms>
	</TestProfile>
	<TestInformation>
		<Title>Bwfirt</Title>
		<AppVersion>0.666</AppVersion>
		<SubTitle>Total Time</SubTitle>
		<TimesToRun>3</TimesToRun>
		<Executable>bwfirt-benchmark</Executable>
		<ResultScale>Seconds</ResultScale>
		<Proportion>LIB</Proportion>
		<Description>This is a test of bwfirt, which is a ray-tracing benchmark specifically designed around physically-based light simulation. Rendered is an 800 x 600 image with 196 rendering passes and the funky-kd ray-tracing kernel.</Description>
	</TestInformation>
</PhoronixTestSuite>
