<?xml version="1.0"?>
<!--Phoronix Test Suite v3.0.0a2 (Iveland) [ http://www.phoronix-test-suite.com/ ]-->
<PhoronixTestSuite>
  <TestInformation>
    <Title>Monkey Audio Encoding</Title>
    <Description>This test times how long it takes to encode a sample WAV file to APE format.</Description>
    <AppVersion>3.99u4b5s6</AppVersion>
    <SubTitle>WAV To APE</SubTitle>
    <Executable>encode-ape</Executable>
  </TestInformation>
  <TestProfile>
    <Version>1.3.0</Version>
    <Extends>timed-audio-encode</Extends>
<SupportedPlatforms>Linux</SupportedPlatforms>
    <ProjectURL>http://www.monkeysaudio.com/</ProjectURL>
    <Maintainer>apaige</Maintainer>
  </TestProfile>
</PhoronixTestSuite>
