<?xml version="1.0"?>
<?xml-stylesheet type="text/xsl" href="xsl/pts-test-profile-viewer.xsl" ?>
<PhoronixTestSuite>
	<TestProfile>
		<Version>1.3.0</Version>
		<Maintainer>apaige</Maintainer>
		<EnvironmentSize>5</EnvironmentSize>
		<ProjectURL>http://www.monkeysaudio.com/</ProjectURL>
		<EnvironmentSize>0.9</EnvironmentSize>
		<Extends>timed-audio-encode</Extends>
	</TestProfile>
	<TestInformation>
		<Title>Monkey Audio Encoding</Title>
		<AppVersion>3.99u4b5s6</AppVersion>
		<SubTitle>WAV To APE</SubTitle>
		<Executable>encode-ape</Executable>
		<Description>This test times how long it takes to encode a sample WAV file to APE format.</Description>
	</TestInformation>
</PhoronixTestSuite>
