<?xml version="1.0"?>
<?xml-stylesheet type="text/xsl" href="xsl/pts-test-profile-viewer.xsl" ?>
<PhoronixTestSuite>
	<TestProfile>
		<Version>1.0.0</Version>
		<TestType>Processor</TestType>
		<SoftwareType>Utility</SoftwareType>
		<License>FREE</License>
		<Status>VERIFIED</Status>
		<Maintainer>Michael Larabel</Maintainer>
		<EnvironmentSize>28.0</EnvironmentSize>
		<ExternalDependencies>build-utilities, glibc-development</ExternalDependencies>
		<ProjectURL>http://jedi.ks.uiuc.edu/~johns/raytracer/</ProjectURL>
		<SupportedPlatforms>Linux, MacOSX</SupportedPlatforms>
	</TestProfile>
	<TestInformation>
		<Title>Tachyon</Title>
		<Version>0.98.7</Version>
		<SubTitle>Total Time</SubTitle>
		<TimesToRun>3</TimesToRun>
		<Executable>tachyon-benchmark</Executable>
		<ResultScale>Seconds</ResultScale>
		<Proportion>LIB</Proportion>
		<Description>This is a test of the threaded Tachryon, a parallel ray-tracing system.</Description>
	</TestInformation>
</PhoronixTestSuite>
