<?xml version="1.0"?>
<!--Phoronix Test Suite v3.0.0a2 (Iveland) [ http://www.phoronix-test-suite.com/ ]-->
<PhoronixTestSuite>
  <TestInformation>
    <Title>NAS Parallel Benchmarks</Title>
    <Description>NPB, NAS Parallel Benchmarks, is a benchmark developed by NASA for high-end computer systems. This test profile currently uses the OpenMP version of NPB.</Description>
    <ResultScale>Total Mop/s</ResultScale>
    <AppVersion>3.3</AppVersion>
    <Proportion>HIB</Proportion>
    <TimesToRun>3</TimesToRun>
  </TestInformation>
  <TestProfile>
    <Version>1.0.0</Version>
    <TestType>Processor</TestType>
    <SoftwareType>Benchmark</SoftwareType>
    <License>Free</License>
    <Status>Verified</Status>
    <SupportedPlatforms>Linux, Solaris</SupportedPlatforms>
    <ExternalDependencies>build-utilities, fortran-compiler</ExternalDependencies>
    <EnvironmentSize>8</EnvironmentSize>
    <ProjectURL>http://www.nas.nasa.gov/Resources/Software/npb.html</ProjectURL>
    <Maintainer>Michael Larabel</Maintainer>
  </TestProfile>
  <TestSettings>
    <Option>
      <DisplayName>Test / Class</DisplayName>
      <Identifier>run-test</Identifier>
      <Menu>
        <Entry>
          <Name>BT.A</Name>
          <Value>bt.A</Value>
        </Entry>
        <Entry>
          <Name>CG.B</Name>
          <Value>cg.B</Value>
        </Entry>
        <Entry>
          <Name>EP.B</Name>
          <Value>ep.B</Value>
        </Entry>
        <Entry>
          <Name>FT.B</Name>
          <Value>ft.B</Value>
        </Entry>
        <Entry>
          <Name>IS.C</Name>
          <Value>is.C</Value>
        </Entry>
        <Entry>
          <Name>LU.A</Name>
          <Value>lu.A</Value>
        </Entry>
        <Entry>
          <Name>MG.B</Name>
          <Value>mg.B</Value>
        </Entry>
        <Entry>
          <Name>SP.A</Name>
          <Value>sp.A</Value>
        </Entry>
        <Entry>
          <Name>UA.A</Name>
          <Value>ua.A</Value>
        </Entry>
      </Menu>
    </Option>
  </TestSettings>
</PhoronixTestSuite>
