<?xml version="1.0"?>
<!--Phoronix Test Suite v3.0.0a2 (Iveland) [ http://www.phoronix-test-suite.com/ ]-->
<PhoronixTestSuite>
  <TestInformation>
    <Title>Apache Benchmark</Title>
    <Description>This is a test of ab, which is the Apache benchmark program. This test profile measures how many requests per second a given system can sustain when carrying out 900,000 requests with 100 requests being carried out concurrently.</Description>
    <ResultScale>Requests Per Second</ResultScale>
    <AppVersion>2.2.17</AppVersion>
    <SubTitle>Static Web Page Serving</SubTitle>
    <Proportion>HIB</Proportion>
    <TimesToRun>3</TimesToRun>
  </TestInformation>
  <TestProfile>
    <Version>1.3.0</Version>
    <TestType>System</TestType>
    <SoftwareType>Utility</SoftwareType>
    <Maintainer>Michael Larabel</Maintainer>
    <License>Free</License>
    <Status>Verified</Status>
    <SupportedPlatforms>Linux, MacOSX, BSD, Solaris</SupportedPlatforms>
    <ExternalDependencies>build-utilities</ExternalDependencies>
    <EnvironmentSize>365</EnvironmentSize>
    <ProjectURL>http://www.apache.org/</ProjectURL>
  </TestProfile>
  <TestSettings>
    <Default>
      <Arguments>-n 900000 -c 100 http://localhost:8088/test.html</Arguments>
    </Default>
  </TestSettings>
</PhoronixTestSuite>
