<?xml version="1.0"?>
<?xml-stylesheet type="text/xsl" href="xsl/pts-test-profile-viewer.xsl" ?>
<PhoronixTestSuite>
	<TestProfile>
		<Version>1.3.0</Version>
		<TestType>Processor</TestType>
		<SoftwareType>Utility</SoftwareType>
		<License>FREE</License>
		<Status>VERIFIED</Status>
		<Maintainer>Michael Larabel</Maintainer>
		<EnvironmentSize>4.5</EnvironmentSize>
		<EnvironmentTestingSize>256</EnvironmentTestingSize>
		<ProjectURL>http://compression.ca/pbzip2/</ProjectURL>
		<ExternalDependencies>build-utilities</ExternalDependencies>
		<SupportedPlatforms>Linux, Solaris</SupportedPlatforms>
	</TestProfile>
	<TestInformation>
		<Title>Parallel BZIP2 Compression</Title>
		<AppVersion>1.0.5</AppVersion>
		<SubTitle>256MB File Compression</SubTitle>
		<TimesToRun>3</TimesToRun>
		<ResultScale>Seconds</ResultScale>
		<Proportion>LIB</Proportion>
		<Description>This test measures the time needed to compress a file using BZIP2 compression.</Description>
	</TestInformation>
</PhoronixTestSuite>
