<?xml version="1.0"?>
<!--Phoronix Test Suite v3.0.0a2 (Iveland) [ http://www.phoronix-test-suite.com/ ]-->
<PhoronixTestSuite>
  <TestInformation>
    <Title>Parallel BZIP2 Compression</Title>
    <Description>This test measures the time needed to compress a file using BZIP2 compression.</Description>
    <ResultScale>Seconds</ResultScale>
    <AppVersion>1.0.5</AppVersion>
    <SubTitle>256MB File Compression</SubTitle>
    <Proportion>LIB</Proportion>
    <TimesToRun>3</TimesToRun>
  </TestInformation>
  <TestProfile>
    <Version>1.3.0</Version>
    <TestType>Processor</TestType>
    <SoftwareType>Utility</SoftwareType>
    <License>Free</License>
    <Status>Verified</Status>
    <SupportedPlatforms>Linux, Solaris</SupportedPlatforms>
    <ExternalDependencies>build-utilities</ExternalDependencies>
	<InternalTags>SMP</InternalTags>
    <EnvironmentSize>4.5</EnvironmentSize>
    <EnvironmentTestingSize>256</EnvironmentTestingSize>
    <ProjectURL>http://compression.ca/pbzip2/</ProjectURL>
    <Maintainer>Michael Larabel</Maintainer>
  </TestProfile>
</PhoronixTestSuite>
