<?xml version="1.0"?>
<!--Phoronix Test Suite v3.0.0a2 (Iveland) [ http://www.phoronix-test-suite.com/ ]-->
<PhoronixTestSuite>
  <TestInformation>
    <Title>POV-Ray</Title>
    <Description>This is a test of POV-Ray, the Persistence of Vision Raytracer. POV-Ray is used to create 3D graphics using ray-tracing.</Description>
    <ResultScale>Seconds</ResultScale>
    <AppVersion>3.6.1</AppVersion>
    <SubTitle>Total Time</SubTitle>
    <Proportion>LIB</Proportion>
    <TimesToRun>1</TimesToRun>
  </TestInformation>
  <TestProfile>
    <Version>1.0.0</Version>
    <TestType>Processor</TestType>
    <SoftwareType>Utility</SoftwareType>
    <License>Free</License>
    <Status>Verified</Status>
    <ExternalDependencies>build-utilities</ExternalDependencies>
    <EnvironmentSize>12.7</EnvironmentSize>
    <ProjectURL>http://www.povray.org/</ProjectURL>
    <Maintainer>Michael Larabel</Maintainer>
  </TestProfile>
</PhoronixTestSuite>
