<?xml version="1.0"?>
<?xml-stylesheet type="text/xsl" href="xsl/pts-test-profile-viewer.xsl" ?>
<PhoronixTestSuite>
	<TestProfile>
		<Version>1.0.0</Version>
		<TestType>Processor</TestType>
		<SoftwareType>Utility</SoftwareType>
		<License>Free</License>
		<Status>Verified</Status>
		<Maintainer>Michael Larabel</Maintainer>
		<EnvironmentSize>12.7</EnvironmentSize>
		<ExternalDependencies>build-utilities</ExternalDependencies>
		<ProjectURL>http://www.povray.org/</ProjectURL>
	</TestProfile>
	<TestInformation>
		<Title>POV-Ray</Title>
		<AppVersion>3.6.1</AppVersion>
		<SubTitle>Total Time</SubTitle>
		<TimesToRun>1</TimesToRun>
		<ResultScale>Seconds</ResultScale>
		<Proportion>LIB</Proportion>
		<Description>This is a test of POV-Ray, the Persistence of Vision Raytracer. POV-Ray is used to create 3D graphics using ray-tracing.</Description>
	</TestInformation>
</PhoronixTestSuite>
