<?xml version="1.0"?>
<?xml-stylesheet type="text/xsl" href="xsl/pts-test-profile-viewer.xsl" ?>
<PhoronixTestSuite>
	<TestProfile>
		<Version>1.0.0</Version>
		<TestType>Disk</TestType>
		<SoftwareType>Utility</SoftwareType>
		<License>FREE</License>
		<Status>VERIFIED</Status>
		<Maintainer>Michael Larabel</Maintainer>
		<EnvironmentSize>1</EnvironmentSize>
		<ProjectURL>http://sourceforge.net/projects/fsmark/</ProjectURL>
		<ExternalDependencies>build-utilities</ExternalDependencies>
		<SupportedPlatforms>Linux</SupportedPlatforms>
	</TestProfile>
	<TestInformation>
		<Title>FS-Mark</Title>
		<AppVersion>3.3</AppVersion>
		<TimesToRun>3</TimesToRun>
		<ResultScale>Files/s</ResultScale>
		<Proportion>HIB</Proportion>
		<Description>FS_Mark is designed to test a system's file-system performance.</Description>
	</TestInformation>
	<TestSettings>
		<Default>
			<Arguments>-d scratch</Arguments>
		</Default>
		<Option>
			<DisplayName>Test</DisplayName>
			<Identifier>test</Identifier>
			<Menu>
				<Entry>
					<Name>1000 Files, 1MB Size</Name>
					<Value>-s 1048576 -n 1000</Value>
				</Entry>
				<Entry>
					<Name>1000 Files, 1MB Size, No Sync/FSync</Name>
					<Value>-s 1048576 -n 1000 -S 0</Value>
				</Entry>
				<Entry>
					<Name>5000 Files, 1MB Size, 4 Threads</Name>
					<Value>-s 1048576 -n 5000 -t 4</Value>
				</Entry>
				<Entry>
					<Name>4000 Files, 32 Sub Dirs, 1MB Size</Name>
					<Value>-s 1048576 -n 4000 -D 32</Value>
				</Entry>
			</Menu>
		</Option>
	</TestSettings>
</PhoronixTestSuite>
