<?xml version="1.0"?>
<?xml-stylesheet type="text/xsl" href="xsl/pts-test-profile-viewer.xsl" ?>
<PhoronixTestSuite>
	<TestProfile>
		<Version>1.1.0</Version>
		<TestType>Processor</TestType>
		<SoftwareType>Utility</SoftwareType>
		<License>Free</License>
		<Status>Verified</Status>
		<Maintainer>Michael Larabel</Maintainer>
		<EnvironmentSize>0.1</EnvironmentSize>
		<ProjectURL>http://homepages.cwi.nl/~tromp/c4/fhour.html</ProjectURL>
		<ExternalDependencies>build-utilities</ExternalDependencies>
		<SupportedPlatforms>Linux, MacOSX, BSD</SupportedPlatforms>
	</TestProfile>
	<TestInformation>
		<Title>Fhourstones</Title>
		<AppVersion>3.1</AppVersion>
		<SubTitle>Complex Connect-4 Solving</SubTitle>
		<TimesToRun>3</TimesToRun>
		<Executable>fhourstones-benchmark</Executable>
		<ResultScale>Kpos / sec</ResultScale>
		<Proportion>HIB</Proportion>
		<Description>This integer benchmark solves positions in the game of connect-4, as played on a vertical 7x6 board. By default, it uses a 64Mb transposition table with the twobig replacement strategy. Positions are represented as 64-bit bitboards, and the hash function is computed using a single 64-bit modulo operation, giving 64-bit machines a slight edge. The alpha-beta searcher sorts moves dynamically based on the history heuristic.</Description>
	</TestInformation>
</PhoronixTestSuite>
