<?xml version="1.0"?>
<!--Phoronix Test Suite v3.0.0a2 (Iveland) [ http://www.phoronix-test-suite.com/ ]-->
<PhoronixTestSuite>
  <TestInformation>
    <Title>Fhourstones</Title>
    <Description>This integer benchmark solves positions in the game of connect-4, as played on a vertical 7x6 board. By default, it uses a 64Mb transposition table with the twobig replacement strategy. Positions are represented as 64-bit bitboards, and the hash function is computed using a single 64-bit modulo operation, giving 64-bit machines a slight edge. The alpha-beta searcher sorts moves dynamically based on the history heuristic.</Description>
    <ResultScale>Kpos / sec</ResultScale>
    <AppVersion>3.1</AppVersion>
    <SubTitle>Complex Connect-4 Solving</SubTitle>
    <Proportion>HIB</Proportion>
    <Executable>fhourstones-benchmark</Executable>
    <TimesToRun>3</TimesToRun>
  </TestInformation>
  <TestProfile>
    <Version>1.1.0</Version>
    <TestType>Processor</TestType>
    <SoftwareType>Utility</SoftwareType>
    <License>Free</License>
    <Status>Verified</Status>
    <SupportedPlatforms>Linux, MacOSX, BSD</SupportedPlatforms>
    <ExternalDependencies>build-utilities</ExternalDependencies>
    <EnvironmentSize>0.1</EnvironmentSize>
    <ProjectURL>http://homepages.cwi.nl/~tromp/c4/fhour.html</ProjectURL>
    <Maintainer>Michael Larabel</Maintainer>
  </TestProfile>
</PhoronixTestSuite>
