<?xml version="1.0"?>
<?xml-stylesheet type="text/xsl" href="xsl/pts-test-profile-viewer.xsl" ?>
<PhoronixTestSuite>
	<TestProfile>
		<Version>1.1.0</Version>
		<TestType>Disk</TestType>
		<SoftwareType>Benchmark</SoftwareType>
		<License>FREE</License>
		<Status>VERIFIED</Status>
		<Maintainer>Michael Larabel</Maintainer>
		<EnvironmentSize>2.5</EnvironmentSize>
		<ProjectURL>http://git.kernel.dk/?p=fio.git;a=summary</ProjectURL>
		<ExternalDependencies>build-utilities, libaio-development</ExternalDependencies>
		<SupportedPlatforms>Linux</SupportedPlatforms>
	</TestProfile>
	<TestInformation>
		<Title>Flexible IO Tester</Title>
		<AppVersion>1.21</AppVersion>
		<Executable>fio-run</Executable>
		<TimesToRun>3</TimesToRun>
		<ResultScale>Seconds (Run Time)</ResultScale>
		<Proportion>LIB</Proportion>
		<Description>fio is an advanced disk benchmark that depends upon the kernel's AIO access library.</Description>
	</TestInformation>
	<TestSettings>
		<Option>
			<DisplayName>Test</DisplayName>
			<Identifier>test</Identifier>
			<Menu>
				<Entry>
					<Name>Intel IOMeter File Server Access Pattern</Name>
					<Value>examples/iometer-file-access-server</Value>
				</Entry>
				<Entry>
					<Name>Example Network Job</Name>
					<Value>examples/netio</Value>
				</Entry>
			</Menu>
		</Option>
	</TestSettings>
</PhoronixTestSuite>
