<?xml version="1.0"?>
<!--Phoronix Test Suite v3.0.0a2 (Iveland) [ http://www.phoronix-test-suite.com/ ]-->
<PhoronixTestSuite>
  <TestInformation>
    <Title>Flexible IO Tester</Title>
    <Description>fio is an advanced disk benchmark that depends upon the kernel's AIO access library.</Description>
    <ResultScale>Seconds (Run Time)</ResultScale>
    <AppVersion>1.21</AppVersion>
    <Proportion>LIB</Proportion>
    <Executable>fio-run</Executable>
    <TimesToRun>3</TimesToRun>
  </TestInformation>
  <TestProfile>
    <Version>1.1.0</Version>
    <TestType>Disk</TestType>
    <SoftwareType>Benchmark</SoftwareType>
    <License>Free</License>
    <Status>Verified</Status>
    <SupportedPlatforms>Linux</SupportedPlatforms>
    <ExternalDependencies>build-utilities, libaio-development</ExternalDependencies>
    <EnvironmentSize>2.5</EnvironmentSize>
    <ProjectURL>http://git.kernel.dk/?p=fio.git;a=summary</ProjectURL>
    <Maintainer>Michael Larabel</Maintainer>
  </TestProfile>
  <TestSettings>
    <Option>
      <DisplayName>Test</DisplayName>
      <Identifier>test</Identifier>
      <Menu>
        <Entry>
          <Name>Intel IOMeter File Server Access Pattern</Name>
          <Value>examples/iometer-file-access-server</Value>
        </Entry>
        <Entry>
          <Name>Example Network Job</Name>
          <Value>examples/netio</Value>
        </Entry>
      </Menu>
    </Option>
  </TestSettings>
</PhoronixTestSuite>
