<?xml version="1.0"?>
<PhoronixTestSuite>
	<TestProfile>
		<License>Free</License>
	</TestProfile>
</PhoronixTestSuite>
