<?xml version="1.0"?>
<?xml-stylesheet type="text/xsl" href="xsl/pts-test-profile-viewer.xsl" ?>
<PhoronixTestSuite>
	<TestProfile>
		<Version>1.3.1</Version>
		<Maintainer>Michael Larabel</Maintainer>
		<ProjectURL>http://lame.sourceforge.net/</ProjectURL>
		<Extends>timed-audio-encode</Extends>
		<EnvironmentSize>1.3</EnvironmentSize>
	</TestProfile>
	<TestInformation>
		<Title>LAME MP3 Encoding</Title>
		<AppVersion>3.98.2</AppVersion>
		<SubTitle>WAV To MP3</SubTitle>
		<Executable>lame</Executable>
		<Description>LAME is an MP3 encoder licensed under the LGPL. This test measures the time required to encode a WAV file to MP3 format.</Description>
	</TestInformation>
</PhoronixTestSuite>
