<?xml version="1.0"?>
<!--Phoronix Test Suite v3.0.0a2 (Iveland) [ http://www.phoronix-test-suite.com/ ]-->
<PhoronixTestSuite>
  <TestInformation>
    <Title>Gzip Compression</Title>
    <Description>This test measures the time needed to compress a file using Gzip compression.</Description>
    <ResultScale>Seconds</ResultScale>
    <SubTitle>2GB File Compression</SubTitle>
    <Proportion>LIB</Proportion>
    <TimesToRun>3</TimesToRun>
  </TestInformation>
  <TestProfile>
    <Version>1.1.0</Version>
    <TestType>Processor</TestType>
    <SoftwareType>Utility</SoftwareType>
<SupportedPlatforms>Linux, BSD, Solaris, MacOSX</SupportedPlatforms>
    <License>Free</License>
    <Status>Verified</Status>
    <EnvironmentTestingSize>2048</EnvironmentTestingSize>
    <ProjectURL>http://www.gzip.org/</ProjectURL>
    <Maintainer>Michael Larabel</Maintainer>
  </TestProfile>
</PhoronixTestSuite>
