<?xml version="1.0"?>
<?xml-stylesheet type="text/xsl" href="xsl/pts-test-profile-viewer.xsl" ?>
<PhoronixTestSuite>
	<TestProfile>
		<Version>1.1.0</Version>
		<TestType>System</TestType>
		<SoftwareType>Utility</SoftwareType>
		<License>Free</License>
		<Status>Verified</Status>
		<Maintainer>Michael Larabel</Maintainer>
		<EnvironmentSize>0.1</EnvironmentSize>
		<ExternalDependencies>build-utilities, glut, opencl</ExternalDependencies>
		<SupportedPlatforms>Linux, BSD, MacOSX</SupportedPlatforms>
		<ProjectURL>http://davibu.interfree.it/opencl/mandelgpu/mandelGPU.html</ProjectURL>
	</TestProfile>
	<TestInformation>
		<Title>MandelGPU</Title>
		<AppVersion>1.3pts</AppVersion>
		<TimesToRun>3</TimesToRun>
		<ResultScale>Samples/sec</ResultScale>
		<Proportion>HIB</Proportion>
		<Description>MandelGPU is an OpenCL benchmark and this test runs with the OpenCL rendering float4 kernel with a maximum of 4096 iterations.</Description>
	</TestInformation>
	<TestSettings>
		<Default>
			<PostArguments>rendering_kernel_float4.cl 1024 768 4096</PostArguments>
		</Default>
		<Option>
			<DisplayName>OpenCL Device</DisplayName>
			<Identifier>cl-device</Identifier>
			<Menu>
				<Entry>
					<Name>CPU</Name>
					<Value>1 0</Value>
				</Entry>
				<Entry>
					<Name>GPU</Name>
					<Value>0 1</Value>
				</Entry>
				<Entry>
					<Name>CPU+GPU</Name>
					<Value>1 1</Value>
				</Entry>
			</Menu>
		</Option>
	</TestSettings>
</PhoronixTestSuite>
