<?xml version="1.0"?>
<!--Phoronix Test Suite v3.0.0a2 (Iveland) [ http://www.phoronix-test-suite.com/ ]-->
<PhoronixTestSuite>
  <TestInformation>
    <Title>MandelGPU</Title>
    <Description>MandelGPU is an OpenCL benchmark and this test runs with the OpenCL rendering float4 kernel with a maximum of 4096 iterations.</Description>
    <ResultScale>Samples/sec</ResultScale>
    <AppVersion>1.3pts</AppVersion>
    <Proportion>HIB</Proportion>
    <TimesToRun>3</TimesToRun>
  </TestInformation>
  <TestProfile>
    <Version>1.1.0</Version>
    <TestType>System</TestType>
    <SoftwareType>Utility</SoftwareType>
    <License>Free</License>
    <Status>Verified</Status>
<InternalTags>OpenCL</InternalTags>
    <SupportedPlatforms>Linux, BSD, MacOSX</SupportedPlatforms>
    <ExternalDependencies>build-utilities, glut, opencl</ExternalDependencies>
    <EnvironmentSize>0.1</EnvironmentSize>
    <ProjectURL>http://davibu.interfree.it/opencl/mandelgpu/mandelGPU.html</ProjectURL>
    <Maintainer>Michael Larabel</Maintainer>
  </TestProfile>
  <TestSettings>
    <Default>
      <PostArguments>rendering_kernel_float4.cl 1024 768 4096</PostArguments>
    </Default>
    <Option>
      <DisplayName>OpenCL Device</DisplayName>
      <Identifier>cl-device</Identifier>
      <Menu>
        <Entry>
          <Name>CPU</Name>
          <Value>1 0</Value>
        </Entry>
        <Entry>
          <Name>GPU</Name>
          <Value>0 1</Value>
        </Entry>
        <Entry>
          <Name>CPU+GPU</Name>
          <Value>1 1</Value>
        </Entry>
      </Menu>
    </Option>
  </TestSettings>
</PhoronixTestSuite>
