<?xml version="1.0"?>
<!--Phoronix Test Suite v3.0.0a2 (Iveland) [ http://www.phoronix-test-suite.com/ ]-->
<PhoronixTestSuite>
  <TestInformation>
    <Title>Sudokut</Title>
    <Description>This is a test of Sudokut, which is a Sudoku puzzle solver written in Tcl. This test measures how long it takes to solve 100 Sudoku puzzles.</Description>
    <ResultScale>Seconds</ResultScale>
    <AppVersion>0.4</AppVersion>
    <SubTitle>Total Time</SubTitle>
    <Proportion>LIB</Proportion>
    <TimesToRun>3</TimesToRun>
  </TestInformation>
  <TestProfile>
    <Version>1.0.0</Version>
    <TestType>Processor</TestType>
    <SoftwareType>Utility</SoftwareType>
    <License>Free</License>
    <Status>Verified</Status>
	<SupportedPlatforms>Linux, Solaris, MacOSX</SupportedPlatforms>
    <ExternalDependencies>tcl</ExternalDependencies>
    <EnvironmentSize>0.1</EnvironmentSize>
    <ProjectURL>http://sourceforge.net/projects/sudokut/</ProjectURL>
    <Maintainer>Michael Larabel</Maintainer>
  </TestProfile>
</PhoronixTestSuite>
