<?xml version="1.0"?>
<?xml-stylesheet type="text/xsl" href="xsl/pts-test-profile-viewer.xsl" ?>
<PhoronixTestSuite>
	<TestProfile>
		<Version>1.0.0</Version>
		<TestType>Processor</TestType>
		<SoftwareType>Utility</SoftwareType>
		<License>FREE</License>
		<Status>VERIFIED</Status>
		<Maintainer>Michael Larabel</Maintainer>
		<EnvironmentSize>0.1</EnvironmentSize>
		<ProjectURL>http://sourceforge.net/projects/sudokut/</ProjectURL>
		<ExternalDependencies>tcl</ExternalDependencies>
	</TestProfile>
	<TestInformation>
		<Title>Sudokut</Title>
		<AppVersion>0.4</AppVersion>
		<SubTitle>Total Time</SubTitle>
		<TimesToRun>3</TimesToRun>
		<ResultScale>Seconds</ResultScale>
		<Proportion>LIB</Proportion>
		<Description>This is a test of Sudokut, which is a Sudoku puzzle solver written in Tcl. This test measures how long it takes to solve 100 Sudoku puzzles.</Description>
	</TestInformation>
</PhoronixTestSuite>
