<?xml version="1.0"?>
<?xml-stylesheet type="text/xsl" href="xsl/pts-test-profile-viewer.xsl" ?>
<PhoronixTestSuite>
	<TestProfile>
		<Version>1.1.1</Version>
		<TestType>Graphics</TestType>
		<SoftwareType>Utility</SoftwareType>
		<License>Free</License>
		<Status>Verified</Status>
		<Maintainer>Michael Larabel</Maintainer>
		<EnvironmentSize>23.3</EnvironmentSize>
		<SupportedArchitectures>x86</SupportedArchitectures>
		<ExternalDependencies>build-utilities, glut, sdl-development, libpng-development</ExternalDependencies>
		<ProjectURL>http://developer.berlios.de/projects/ppracer/</ProjectURL>
		<SupportedPlatforms>Linux</SupportedPlatforms>
	</TestProfile>
	<TestInformation>
		<Title>Planet Penguin Racer</Title>
		<AppVersion>0.5 Alpha</AppVersion>
		<TimesToRun>3</TimesToRun>
		<ResultScale>Frames Per Second</ResultScale>
		<Proportion>HIB</Proportion>
		<Description>This test runs the open-source Planet Penguin Racer game as an OpenGL benchmark.</Description>
	</TestInformation>
	<TestSettings>
		<Option>
			<DisplayName>Resolution</DisplayName>
			<Identifier>auto-resolution</Identifier>
			<Menu>
				<Entry>
					<Name>$VIDEO_WIDTH x $VIDEO_HEIGHT</Name>
					<Value>$VIDEO_WIDTH $VIDEO_HEIGHT</Value>
				</Entry>
			</Menu>
		</Option>
	</TestSettings>
</PhoronixTestSuite>
