<?xml version="1.0"?>
<?xml-stylesheet type="text/xsl" href="xsl/pts-test-profile-viewer.xsl" ?>
<PhoronixTestSuite>
	<TestProfile>
		<Version>1.0.0</Version>
		<TestType>System</TestType>
		<SoftwareType>Utility</SoftwareType>
		<License>FREE</License>
		<Status>VERIFIED</Status>
		<Maintainer>Pekka Panula</Maintainer>
		<EnvironmentSize>61</EnvironmentSize>
		<ExternalDependencies>build-utilities, zlib-development</ExternalDependencies>
		<ProjectURL>http://nginx.net/</ProjectURL>
		<SupportedPlatforms>Linux</SupportedPlatforms>
	</TestProfile>
	<TestInformation>
		<Title>NGINX Benchmark</Title>
		<AppVersion>0.8.53</AppVersion>
		<SubTitle>Static Web Page Serving</SubTitle>
		<TimesToRun>3</TimesToRun>
		<ResultScale>Requests Per Second</ResultScale>
		<Proportion>HIB</Proportion>
		<Description>This is a test of ab, which is the Apache Benchmark program running against nginx. This test profile measures how many requests per second a given system can sustain when carrying out 500,000 requests with 100 requests being carried out concurrently.</Description>
	</TestInformation>
	<TestSettings>
		<Default>
			<Arguments>-n 500000 -c 100 http://localhost:8088/test.html</Arguments>
		</Default>
	</TestSettings>
</PhoronixTestSuite>
