<?xml version="1.0"?>
<?xml-stylesheet type="text/xsl" href="xsl/pts-test-profile-viewer.xsl" ?>
<PhoronixTestSuite>
	<TestProfile>
		<Version>1.0.0</Version>
		<TestType>Processor</TestType>
		<SoftwareType>Utility</SoftwareType>
		<License>FREE</License>
		<Status>VERIFIED</Status>
		<Maintainer>Michael Larabel</Maintainer>
		<EnvironmentSize>0.93</EnvironmentSize>
		<EnvironmentTestingSize>2048</EnvironmentTestingSize>
		<ProjectURL>http://www.sourceforge.net/projects/bork</ProjectURL>
		<Extends>java-environment</Extends>
	</TestProfile>
	<TestInformation>
		<Title>Bork File Encrypter</Title>
		<AppVersion>1.4</AppVersion>
		<SubTitle>File Encryption Time</SubTitle>
		<TimesToRun>3</TimesToRun>
		<ResultScale>Seconds</ResultScale>
		<Proportion>LIB</Proportion>
		<Description>Bork is a small, cross-platform file encryption utility. It is written in Java and designed to be included along with the files it encrypts for long-term storage. This test measures the amount of time it takes to encrypt a sample file.</Description>
	</TestInformation>
</PhoronixTestSuite>
