<?xml version="1.0"?>
<!--Phoronix Test Suite v3.0.0a2 (Iveland) [ http://www.phoronix-test-suite.com/ ]-->
<PhoronixTestSuite>
  <TestInformation>
    <Title>Bork File Encrypter</Title>
    <Description>Bork is a small, cross-platform file encryption utility. It is written in Java and designed to be included along with the files it encrypts for long-term storage. This test measures the amount of time it takes to encrypt a sample file.</Description>
    <ResultScale>Seconds</ResultScale>
    <AppVersion>1.4</AppVersion>
    <SubTitle>File Encryption Time</SubTitle>
    <Proportion>LIB</Proportion>
    <TimesToRun>3</TimesToRun>
  </TestInformation>
  <TestProfile>
    <Version>1.0.0</Version>
    <TestType>Processor</TestType>
    <SoftwareType>Utility</SoftwareType>
    <Maintainer>Michael Larabel</Maintainer>
    <License>Free</License>
    <Status>Verified</Status>
    <ExternalDependencies>java</ExternalDependencies>
    <SupportedPlatforms>Linux, MacOSX, Solaris, BSD</SupportedPlatforms>
    <EnvironmentSize>0.93</EnvironmentSize>
    <EnvironmentTestingSize>2048</EnvironmentTestingSize>
    <ProjectURL>http://www.sourceforge.net/projects/bork</ProjectURL>
    <InternalTags>Java</InternalTags>
  </TestProfile>
</PhoronixTestSuite>
