<?xml version="1.0"?>
<?xml-stylesheet type="text/xsl" href="xsl/pts-test-profile-viewer.xsl" ?>
<PhoronixTestSuite>
	<TestProfile>
		<Version>1.0.0</Version>
		<TestType>System</TestType>
		<SoftwareType>Utility</SoftwareType>
		<License>FREE</License>
		<Status>VERIFIED</Status>
		<Maintainer>Michael Larabel</Maintainer>
		<EnvironmentSize>0.5</EnvironmentSize>
		<Extends>python-environment</Extends>
		<ProjectURL>http://svn.python.org/projects/python/trunk/Tools/pybench/</ProjectURL>
	</TestProfile>
	<TestInformation>
		<Title>PyBench</Title>
		<AppVersion>2008-08-14</AppVersion>
		<SubTitle>Total For Average Test Times</SubTitle>
		<TimesToRun>3</TimesToRun>
		<ResultScale>Milliseconds</ResultScale>
		<Proportion>LIB</Proportion>
		<Description>This test profile reports the total time of the different average timed test results from PyBench. PyBench reports average test times for different functions such as BuiltinFunctionCalls and NestedForLoops, with this total result providing a rough estimate as to Python's average performance on a given system. This test profile runs PyBench each time for 20 rounds.</Description>
	</TestInformation>
	<TestSettings>
		<Default>
			<Arguments>-n 20</Arguments>
		</Default>
	</TestSettings>
</PhoronixTestSuite>
