<?xml version="1.0"?>
<!--Phoronix Test Suite v3.0.0a2 (Iveland) [ http://www.phoronix-test-suite.com/ ]-->
<PhoronixTestSuite>
  <TestInformation>
    <Title>PyBench</Title>
    <Description>This test profile reports the total time of the different average timed test results from PyBench. PyBench reports average test times for different functions such as BuiltinFunctionCalls and NestedForLoops, with this total result providing a rough estimate as to Python's average performance on a given system. This test profile runs PyBench each time for 20 rounds.</Description>
    <ResultScale>Milliseconds</ResultScale>
    <AppVersion>2008-08-14</AppVersion>
    <SubTitle>Total For Average Test Times</SubTitle>
    <Proportion>LIB</Proportion>
    <TimesToRun>3</TimesToRun>
  </TestInformation>
  <TestProfile>
    <Version>1.0.0</Version>
    <TestType>System</TestType>
    <SoftwareType>Utility</SoftwareType>
    <License>Free</License>
    <Status>Verified</Status>
	<SupportedPlatforms>Linux, Solaris</SupportedPlatforms>
    <ExternalDependencies>python</ExternalDependencies>
    <EnvironmentSize>0.5</EnvironmentSize>
    <ProjectURL>http://svn.python.org/projects/python/trunk/Tools/pybench/</ProjectURL>
    <InternalTags>Python</InternalTags>
    <Maintainer>Michael Larabel</Maintainer>
  </TestProfile>
  <TestSettings>
    <Default>
      <Arguments>-n 20</Arguments>
    </Default>
  </TestSettings>
</PhoronixTestSuite>
