<?xml version="1.0"?>
<?xml-stylesheet type="text/xsl" href="xsl/pts-test-profile-viewer.xsl" ?>
<PhoronixTestSuite>
	<TestProfile>
		<Version>1.1.0</Version>
		<TestType>System</TestType>
		<SoftwareType>Utility</SoftwareType>
		<License>FREE</License>
		<Status>VERIFIED</Status>
		<Maintainer>Michael Larabel</Maintainer>
		<EnvironmentSize>1.3</EnvironmentSize>
		<ProjectURL>http://sunflow.sourceforge.net/</ProjectURL>
		<Extends>java-environment</Extends>
	</TestProfile>
	<TestInformation>
		<Title>Sunflow Rendering System</Title>
		<AppVersion>0.07.2</AppVersion>
		<SubTitle>Global Illumination + Image Synthesis</SubTitle>
		<Executable>sunflow-benchmark</Executable>
		<TimesToRun>2</TimesToRun>
		<ResultScale>Seconds</ResultScale>
		<Proportion>LIB</Proportion>
		<Description>This test runs benchmarks of the Sunflow Rendering System. The Sunflow Rendering System is an open-source render engine for photo-realistic image synthesis with a ray-tracing core.</Description>
	</TestInformation>
</PhoronixTestSuite>
