<?xml version="1.0"?>
<!--Phoronix Test Suite v3.0.0a2 (Iveland) [ http://www.phoronix-test-suite.com/ ]-->
<PhoronixTestSuite>
  <TestInformation>
    <Title>Sunflow Rendering System</Title>
    <Description>This test runs benchmarks of the Sunflow Rendering System. The Sunflow Rendering System is an open-source render engine for photo-realistic image synthesis with a ray-tracing core.</Description>
    <ResultScale>Seconds</ResultScale>
    <AppVersion>0.07.2</AppVersion>
    <SubTitle>Global Illumination + Image Synthesis</SubTitle>
    <Proportion>LIB</Proportion>
    <Executable>sunflow-benchmark</Executable>
    <TimesToRun>2</TimesToRun>
  </TestInformation>
  <TestProfile>
    <Version>1.1.0</Version>
    <TestType>System</TestType>
    <SoftwareType>Utility</SoftwareType>
    <License>Free</License>
    <Status>Verified</Status>
    <ExternalDependencies>java</ExternalDependencies>
    <EnvironmentSize>1.3</EnvironmentSize>
	<SupportedPlatforms>Linux, Solaris, BSD, MacOSX</SupportedPlatforms>
    <ProjectURL>http://sunflow.sourceforge.net/</ProjectURL>
    <InternalTags>Java</InternalTags>
    <Maintainer>Michael Larabel</Maintainer>
  </TestProfile>
</PhoronixTestSuite>
