<?xml version="1.0"?>
<!--Phoronix Test Suite v3.0.0a2 (Iveland) [ http://www.phoronix-test-suite.com/ ]-->
<PhoronixTestSuite>
  <TestInformation>
    <Title>Timed HMMer Search</Title>
    <Description>This test searches through the Pfam database of profile hidden markov models. The search finds the domain structure of Drosophila Sevenless protein.</Description>
    <ResultScale>Seconds</ResultScale>
    <AppVersion>2.3.2</AppVersion>
    <SubTitle>Pfam Database Search</SubTitle>
    <Proportion>LIB</Proportion>
    <TimesToRun>3</TimesToRun>
  </TestInformation>
  <TestProfile>
    <Version>1.1.0</Version>
    <TestType>Processor</TestType>
    <SoftwareType>Scientific</SoftwareType>
    <License>Free</License>
    <Status>Verified</Status>
    <SupportedPlatforms>Linux, Solaris, BSD</SupportedPlatforms>
    <ExternalDependencies>build-utilities</ExternalDependencies>
    <EnvironmentSize>707</EnvironmentSize>
    <ProjectURL>http://hmmer.janelia.org/</ProjectURL>
    <Maintainer>Andrew Schofield</Maintainer>
  </TestProfile>
</PhoronixTestSuite>
