<?xml version="1.0"?>
<?xml-stylesheet type="text/xsl" href="xsl/pts-test-profile-viewer.xsl" ?>
<PhoronixTestSuite>
	<TestProfile>
		<Version>1.1.0</Version>
		<TestType>System</TestType>
		<SoftwareType>Utility</SoftwareType>
		<License>Free</License>
		<Status>Verified</Status>
		<Maintainer>Michael Larabel</Maintainer>
		<EnvironmentSize>0.1</EnvironmentSize>
		<ExternalDependencies>build-utilities, glut, opencl</ExternalDependencies>
		<SupportedPlatforms>Linux, BSD, MacOSX</SupportedPlatforms>
		<ProjectURL>http://davibu.interfree.it/opencl/smallptgpu/smallptGPU.html</ProjectURL>
	</TestProfile>
	<TestInformation>
		<Title>SmallPT GPU</Title>
		<AppVersion>1.6pts</AppVersion>
		<TimesToRun>3</TimesToRun>
		<ResultScale>Samples/sec</ResultScale>
		<Proportion>HIB</Proportion>
		<Description>SmallPT GPU is an OpenCL benchmark that's run with a 128 work-group size and multiple rendering scenes are available.</Description>
	</TestInformation>
	<TestSettings>
		<Option>
			<DisplayName>OpenCL Device</DisplayName>
			<Identifier>cl-device</Identifier>
			<ArgumentPostfix> 128 preprocessed_rendering_kernel.cl 1024 768</ArgumentPostfix>
			<Menu>
				<Entry>
					<Name>CPU</Name>
					<Value>0</Value>
				</Entry>
				<Entry>
					<Name>GPU</Name>
					<Value>1</Value>
				</Entry>
			</Menu>
		</Option>
		<Option>
			<DisplayName>Scene</DisplayName>
			<Identifier>scene</Identifier>
			<ArgumentPrefix>scenes/</ArgumentPrefix>
			<Menu>
				<Entry>
					<Name>Caustic</Name>
					<Value>caustic.scn</Value>
				</Entry>
				<Entry>
					<Name>Caustic3</Name>
					<Value>caustic3.scn</Value>
				</Entry>
				<Entry>
					<Name>Cornell</Name>
					<Value>cornell.scn</Value>
				</Entry>
			</Menu>
		</Option>
	</TestSettings>
</PhoronixTestSuite>
