<?xml version="1.0"?>
<!--Phoronix Test Suite v3.0.0a2 (Iveland) [ http://www.phoronix-test-suite.com/ ]-->
<PhoronixTestSuite>
  <TestInformation>
    <Title>SmallPT GPU</Title>
    <Description>SmallPT GPU is an OpenCL benchmark that's run with a 128 work-group size and multiple rendering scenes are available.</Description>
    <ResultScale>Samples/sec</ResultScale>
    <AppVersion>1.6pts</AppVersion>
    <Proportion>HIB</Proportion>
    <TimesToRun>3</TimesToRun>
  </TestInformation>
  <TestProfile>
    <Version>1.1.0</Version>
    <TestType>System</TestType>
    <SoftwareType>Utility</SoftwareType>
<InternalTags>OpenCL</InternalTags>
    <License>Free</License>
    <Status>Verified</Status>
    <SupportedPlatforms>Linux, BSD, MacOSX</SupportedPlatforms>
    <ExternalDependencies>build-utilities, glut, opencl</ExternalDependencies>
    <EnvironmentSize>0.1</EnvironmentSize>
    <ProjectURL>http://davibu.interfree.it/opencl/smallptgpu/smallptGPU.html</ProjectURL>
    <Maintainer>Michael Larabel</Maintainer>
  </TestProfile>
  <TestSettings>
    <Option>
      <DisplayName>OpenCL Device</DisplayName>
      <Identifier>cl-device</Identifier>
      <ArgumentPostfix> 128 preprocessed_rendering_kernel.cl 1024 768</ArgumentPostfix>
      <Menu>
        <Entry>
          <Name>CPU</Name>
        </Entry>
        <Entry>
          <Name>GPU</Name>
          <Value>1</Value>
        </Entry>
      </Menu>
    </Option>
    <Option>
      <DisplayName>Scene</DisplayName>
      <Identifier>scene</Identifier>
      <ArgumentPrefix>scenes/</ArgumentPrefix>
      <Menu>
        <Entry>
          <Name>Caustic</Name>
          <Value>caustic.scn</Value>
        </Entry>
        <Entry>
          <Name>Caustic3</Name>
          <Value>caustic3.scn</Value>
        </Entry>
        <Entry>
          <Name>Cornell</Name>
          <Value>cornell.scn</Value>
        </Entry>
      </Menu>
    </Option>
  </TestSettings>
</PhoronixTestSuite>
