<?xml version="1.0"?>
<?xml-stylesheet type="text/xsl" href="xsl/pts-test-profile-viewer.xsl" ?>
<PhoronixTestSuite>
	<TestProfile>
		<Version>1.4.0</Version>
		<Maintainer>Michael Larabel</Maintainer>
		<ProjectURL>http://www.apache.org/</ProjectURL>
		<Extends>timed-build</Extends>
	</TestProfile>
	<TestInformation>
		<Title>Timed Apache Compilation</Title>
		<AppVersion>2.2.17</AppVersion>
		<Executable>time-compile-apache</Executable>
		<Description>This test times how long it takes to build the Apache HTTP Server.</Description>
	</TestInformation>
</PhoronixTestSuite>
