<?xml version="1.0"?>
<?xml-stylesheet type="text/xsl" href="xsl/pts-test-profile-viewer.xsl" ?>
<PhoronixTestSuite>
	<TestProfile>
		<Version>1.2.0</Version>
		<TestType>Processor</TestType>
		<SoftwareType>Scientific</SoftwareType>
		<License>Free</License>
		<Status>Verified</Status>
		<Maintainer>Andrew Schofield</Maintainer>
		<EnvironmentSize>22</EnvironmentSize>
		<ProjectURL>http://mrbayes.csit.fsu.edu/</ProjectURL>
		<SupportedPlatforms>Linux, BSD</SupportedPlatforms>
	</TestProfile>
	<TestInformation>
		<Title>Timed MrBayes Analysis</Title>
		<AppVersion>3.1.2</AppVersion>
		<SubTitle>Primate Phylogeny Analysis</SubTitle>
		<ResultScale>Seconds</ResultScale>
		<TimesToRun>3</TimesToRun>
		<Description>This test performs a bayesian analysis of a set of primate genome sequences in order to estimate their phylogeny.</Description>
		<Proportion>LIB</Proportion>
	</TestInformation>
</PhoronixTestSuite>

