<?xml version="1.0"?>
<!--Phoronix Test Suite v3.0.0a2 (Iveland) [ http://www.phoronix-test-suite.com/ ]-->
<PhoronixTestSuite>
  <TestInformation>
    <Title>Timed MrBayes Analysis</Title>
    <Description>This test performs a bayesian analysis of a set of primate genome sequences in order to estimate their phylogeny.</Description>
    <ResultScale>Seconds</ResultScale>
    <AppVersion>3.1.2</AppVersion>
    <SubTitle>Primate Phylogeny Analysis</SubTitle>
    <Proportion>LIB</Proportion>
    <TimesToRun>3</TimesToRun>
  </TestInformation>
  <TestProfile>
    <Version>1.2.0</Version>
    <TestType>Processor</TestType>
    <SoftwareType>Scientific</SoftwareType>
    <License>Free</License>
    <Status>Verified</Status>
    <SupportedPlatforms>Linux, BSD, Solaris</SupportedPlatforms>
    <EnvironmentSize>22</EnvironmentSize>
    <ProjectURL>http://mrbayes.csit.fsu.edu/</ProjectURL>
    <Maintainer>Andrew Schofield</Maintainer>
  </TestProfile>
</PhoronixTestSuite>
