<?xml version="1.0"?>
<?xml-stylesheet type="text/xsl" href="xsl/pts-test-profile-viewer.xsl" ?>
<PhoronixTestSuite>
	<TestProfile>
		<Version>1.3.0</Version>
		<TestType>Graphics</TestType>
		<SoftwareType>Simulator</SoftwareType>
		<License>FREE</License>
		<Status>VERIFIED</Status>
		<Maintainer>Michael Larabel</Maintainer>
		<EnvironmentSize>855</EnvironmentSize>
		<SupportedArchitectures>x86, x86_64</SupportedArchitectures>
		<ProjectURL>http://www.x-plane.com/</ProjectURL>
		<ExternalDependencies>openal-development</ExternalDependencies>
		<SupportedPlatforms>Linux, MacOSX, Windows</SupportedPlatforms>
	</TestProfile>
	<TestInformation>
		<Title>X-Plane</Title>
		<AppVersion>9.45</AppVersion>
		<TimesToRun>3</TimesToRun>
		<ResultScale>Frames Per Second</ResultScale>
		<Proportion>HIB</Proportion>
		<Description>This is a test of X-Plane, a realistic multi-platform flight simulator designed for personal computers. This is commercial closed-source software, but this X-Plane 9 benchmark has been kindly made available for free. X-Plane is the product of Austin Meyer and Laminar Research.</Description>
	</TestInformation>
	<TestSettings>
		<Default>
			<Arguments>--no_workarounds --no_sound --pref:_prefs_found=0 --pref:_is_full_ALL=1</Arguments>
		</Default>
		<Option>
			<DisplayName>Quality Setting</DisplayName>
			<Identifier>quality-setting</Identifier>
			<ArgumentPrefix>--fps_test=</ArgumentPrefix>
			<Menu>
				<Entry>
					<Name>High</Name>
					<Value>2</Value>
				</Entry>
				<Entry>
					<Name>Ultra</Name>
					<Value>3</Value>
				</Entry>
			</Menu>
		</Option>
		<Option>
			<DisplayName>Resolution</DisplayName>
			<Identifier>auto-resolution</Identifier>
			<Menu>
				<Entry>
					<Name>$VIDEO_WIDTH x $VIDEO_HEIGHT</Name>
					<Value>--pref:_x_res_full_ALL=$VIDEO_WIDTH --pref:_y_res_full_ALL=$VIDEO_HEIGHT</Value>
				</Entry>
			</Menu>
		</Option>
	</TestSettings>
</PhoronixTestSuite>
