<?xml version="1.0"?>
<?xml-stylesheet type="text/xsl" href="xsl/pts-test-profile-viewer.xsl" ?>
<PhoronixTestSuite>
	<TestProfile>
		<Version>1.1.0</Version>
		<TestType>Graphics</TestType>
		<SoftwareType>Utility</SoftwareType>
		<License>FREE</License>
		<Status>VERIFIED</Status>
		<Maintainer>Michael Larabel</Maintainer>
		<EnvironmentSize>692</EnvironmentSize>
		<Extends>mplayer-base</Extends>
		<AutoSaveResults>TRUE</AutoSaveResults>
	</TestProfile>
	<TestInformation>
		<Title>1080p H.264 Video Playback</Title>
		<SubTitle>CPU Usage</SubTitle>
		<ResultScale>Percent</ResultScale>
		<TimesToRun>1</TimesToRun>
		<Description>This is a test profile that will record the CPU usage while a 1080p H.264 video sample of Big Buck Bunny is played back for several minutes using MPlayer.</Description>
		<DisplayFormat>LINE_GRAPH</DisplayFormat>
	</TestInformation>
	<TestSettings>
		<Default>
			<Arguments>-frames 9000 -fs</Arguments>
			<MinimumLength>60</MinimumLength>
		</Default>
		<Option>
			<DisplayName>Video Decoding</DisplayName>
			<Identifier>video-decoding</Identifier>
			<Menu>
				<Entry>
					<Name>GL2</Name>
					<Value>-vo gl2</Value>
				</Entry>
				<Entry>
					<Name>X-Video</Name>
					<Value>-vo xv</Value>
				</Entry>
				<Entry>
					<Name>XvMC</Name>
					<Value>-vo xvmc</Value>
				</Entry>
				<Entry>
					<Name>VDPAU</Name>
					<Value>-vo vdpau -va vdpau</Value>
				</Entry>
				<Entry>
					<Name>VA-API</Name>
					<Value>-vo vaapi -va vaapi</Value>
				</Entry>
				<Entry>
					<Name>OS X CoreVideo</Name>
					<Value>-vo corevideo</Value>
				</Entry>
			</Menu>
		</Option>
	</TestSettings>
</PhoronixTestSuite>
