<?xml version="1.0"?>
<!--Phoronix Test Suite v3.0.0a2 (Iveland) [ http://www.phoronix-test-suite.com/ ]-->
<PhoronixTestSuite>
  <TestInformation>
    <Title>1080p H.264 Video Playback</Title>
    <Description>This is a test profile that will record the CPU usage while a 1080p H.264 video sample of Big Buck Bunny is played back for several minutes using MPlayer.</Description>
    <ResultScale>Percent</ResultScale>
    <SubTitle>CPU Usage</SubTitle>
    <DisplayFormat>LINE_GRAPH</DisplayFormat>
    <TimesToRun>1</TimesToRun>
  </TestInformation>
  <TestProfile>
    <Version>1.1.0</Version>
    <TestType>Graphics</TestType>
    <SoftwareType>Utility</SoftwareType>
    <License>Free</License>
    <Status>Verified</Status>
    <Extends>mplayer-base</Extends>
    <EnvironmentSize>692</EnvironmentSize>
    <Maintainer>Michael Larabel</Maintainer>
    <AutoSaveResults>TRUE</AutoSaveResults>
  </TestProfile>
  <TestSettings>
    <Default>
      <Arguments>-frames 9000 -fs</Arguments>
      <MinimumLength>60</MinimumLength>
    </Default>
    <Option>
      <DisplayName>Video Decoding</DisplayName>
      <Identifier>video-decoding</Identifier>
      <Menu>
        <Entry>
          <Name>GL2</Name>
          <Value>-vo gl2</Value>
        </Entry>
        <Entry>
          <Name>X-Video</Name>
          <Value>-vo xv</Value>
        </Entry>
        <Entry>
          <Name>XvMC</Name>
          <Value>-vo xvmc</Value>
        </Entry>
        <Entry>
          <Name>VDPAU</Name>
          <Value>-vo vdpau -va vdpau</Value>
        </Entry>
        <Entry>
          <Name>VA-API</Name>
          <Value>-vo vaapi -va vaapi</Value>
        </Entry>
        <Entry>
          <Name>OS X CoreVideo</Name>
          <Value>-vo corevideo</Value>
        </Entry>
      </Menu>
    </Option>
  </TestSettings>
</PhoronixTestSuite>
