<?xml version="1.0"?>
<!--Phoronix Test Suite v3.0.0a2 (Iveland) [ http://www.phoronix-test-suite.com/ ]-->
<PhoronixTestSuite>
  <TestInformation>
    <Title>OpenSSL</Title>
    <Description>OpenSSL is an open-source toolkit that implements SSL (Secure Sockets Layer) and TLS (Transport Layer Security) protocols. This test measures the RSA 4096-bit performance of OpenSSL.</Description>
    <ResultScale>Signs Per Second</ResultScale>
    <AppVersion>1.0.0a</AppVersion>
    <SubTitle>RSA 4096-bit Performance</SubTitle>
    <Proportion>HIB</Proportion>
    <TimesToRun>4</TimesToRun>
  </TestInformation>
  <TestProfile>
    <Version>1.5.0</Version>
    <TestType>Processor</TestType>
    <SoftwareType>Utility</SoftwareType>
    <License>Free</License>
    <Status>Verified</Status>
    <ExternalDependencies>build-utilities</ExternalDependencies>
    <EnvironmentSize>37</EnvironmentSize>
    <ProjectURL>http://www.openssl.org/</ProjectURL>
    <Maintainer>Michael Larabel</Maintainer>
  </TestProfile>
</PhoronixTestSuite>
