<?xml version="1.0"?>
<?xml-stylesheet type="text/xsl" href="xsl/pts-test-profile-viewer.xsl" ?>
<PhoronixTestSuite>
	<TestProfile>
		<Version>1.2.0</Version>
		<TestType>Graphics</TestType>
		<SoftwareType>Game</SoftwareType>
		<License>FREE</License>
		<Status>VERIFIED</Status>
		<Maintainer>Michael Larabel</Maintainer>
		<EnvironmentSize>502</EnvironmentSize>
		<SupportedArchitectures>x86, x86_64</SupportedArchitectures>
		<ExternalDependencies>curl</ExternalDependencies>
		<ProjectURL>http://www.warsow.net/</ProjectURL>
		<SupportedPlatforms>MacOSX, Linux, Windows</SupportedPlatforms>
	</TestProfile>
	<TestInformation>
		<Title>Warsow</Title>
		<AppVersion>0.5</AppVersion>
		<TimesToRun>3</TimesToRun>
		<ResultScale>Frames Per Second</ResultScale>
		<Proportion>HIB</Proportion>
		<Description>This is a benchmark of Warsow, a popular open-source first-person shooter. This game uses the QFusion engine.</Description>
	</TestInformation>
	<TestSettings>
		<Default>
			<Arguments>+logconsole pts-log +exec pts-warsow.cfg +timedemo 1 +demo pts-bardu +next "quit" +r_mode -1</Arguments>
			<PostArguments>+vid_restart</PostArguments>
		</Default>
		<Option>
			<DisplayName>Resolution</DisplayName>
			<Identifier>auto-resolution</Identifier>
			<Menu>
				<Entry>
					<Name>$VIDEO_WIDTH x $VIDEO_HEIGHT</Name>
					<Value>+vid_customwidth $VIDEO_WIDTH +vid_customheight $VIDEO_HEIGHT</Value>
				</Entry>
			</Menu>
		</Option>
	</TestSettings>
</PhoronixTestSuite>
