<?xml version="1.0"?>
<!--Phoronix Test Suite v3.0.0a2 (Iveland) [ http://www.phoronix-test-suite.com/ ]-->
<PhoronixTestSuite>
  <TestInformation>
    <Title>ET: Quake Wars Image Quality</Title>
    <ResultScale>NULL</ResultScale>
    <DisplayFormat>IMAGE_COMPARISON</DisplayFormat>
    <Proportion>ABSTRACT</Proportion>
    <Executable>etqw-demo-iqc</Executable>
    <TimesToRun>1</TimesToRun>
  </TestInformation>
  <TestProfile>
    <Version>1.0.0</Version>
    <TestType>System</TestType>
    <Extends>etqw-demo</Extends>
    <AllowResultsSharing>FALSE</AllowResultsSharing>
    <AutoSaveResults>TRUE</AutoSaveResults>
  </TestProfile>
  <TestSettings>
    <Default>
      <Arguments> </Arguments>
      <PostArguments> </PostArguments>
      <AllowCacheShare>TRUE</AllowCacheShare>
    </Default>
    <Option>
      <DisplayName>Scene</DisplayName>
      <Identifier>scene</Identifier>
      <Menu>
        <Entry>
          <Name>Vegetation</Name>
          <Value>vegetation</Value>
        </Entry>
        <Entry>
          <Name>Boat</Name>
          <Value>boat</Value>
        </Entry>
        <Entry>
          <Name>Boat 2</Name>
          <Value>boat2</Value>
        </Entry>
        <Entry>
          <Name>Water</Name>
          <Value>water</Value>
        </Entry>
        <Entry>
          <Name>Distant Trees</Name>
          <Value>trees</Value>
        </Entry>
      </Menu>
    </Option>
  </TestSettings>
</PhoronixTestSuite>
