<?xml version="1.0"?>
<?xml-stylesheet type="text/xsl" href="xsl/pts-test-profile-viewer.xsl" ?>
<PhoronixTestSuite>
	<TestProfile>
		<Version>1.0.0</Version>
		<Maintainer>Michael Larabel</Maintainer>
		<EnvironmentSize>4.8</EnvironmentSize>
		<Extends>wine-humus-tests</Extends>
	</TestProfile>
	<TestInformation>
		<Title>Humus Volumetric Fogging 2</Title>
		<Description>This test uses WINE and runs an OpenGL volumetric fogging demo.</Description>
	</TestInformation>
</PhoronixTestSuite>
