<?xml version="1.0"?>
<?xml-stylesheet type="text/xsl" href="xsl/pts-test-profile-viewer.xsl" ?>
<PhoronixTestSuite>
	<TestProfile>
		<Version>1.1.0</Version>
		<TestType>System</TestType>
		<SoftwareType>Utility</SoftwareType>
		<License>Free</License>
		<Status>Verified</Status>
		<Maintainer>Michael Larabel</Maintainer>
		<EnvironmentSize>28.9</EnvironmentSize>
		<ProjectURL>http://www.yafray.org/</ProjectURL>
		<ExternalDependencies>build-utilities, scons, zlib-development, jpeg-development</ExternalDependencies>
		<SupportedPlatforms>Linux</SupportedPlatforms>
	</TestProfile>
	<TestInformation>
		<Title>YafRay</Title>
		<AppVersion>0.0.9</AppVersion>
		<SubTitle>Open-Source Ray Tracing Render</SubTitle>
		<Executable>yafray-run</Executable>
		<TimesToRun>1</TimesToRun>
		<ResultScale>Seconds</ResultScale>
		<Proportion>LIB</Proportion>
		<Description>YaFray (Yet Another Free Raytracer) is an open-source raytracing program. Most notably, this engine has been integrated into the Blender 3D software and uses an XML scene description language. This test measures how long it takes YaFray to render a scene.</Description>
	</TestInformation>
</PhoronixTestSuite>
