<?xml version="1.0"?>
<!--Phoronix Test Suite v3.0.0a2 (Iveland) [ http://www.phoronix-test-suite.com/ ]-->
<PhoronixTestSuite>
  <TestInformation>
    <Title>SQLite</Title>
    <Description>This is a simple benchmark of SQLite. At present this test profile just measures the time to perform a pre-defined number of insertions on an indexed database.</Description>
    <ResultScale>Seconds</ResultScale>
    <AppVersion>3.7.3</AppVersion>
    <SubTitle>12,500 INSERTs</SubTitle>
    <Proportion>LIB</Proportion>
    <Executable>sqlite-benchmark</Executable>
    <TimesToRun>3</TimesToRun>
  </TestInformation>
  <TestProfile>
    <Version>1.8.0</Version>
    <TestType>Disk</TestType>
    <SoftwareType>Benchmark</SoftwareType>
    <License>Free</License>
    <Status>Verified</Status>
    <ExternalDependencies>build-utilities</ExternalDependencies>
    <EnvironmentSize>18.4</EnvironmentSize>
    <ProjectURL>http://www.sqlite.org/</ProjectURL>
    <Maintainer>Michael Larabel</Maintainer>
  </TestProfile>
  <TestSettings>
    <Option>
      <DisplayName>Test Target</DisplayName>
      <Identifier>auto-disk-mount-points</Identifier>
    </Option>
  </TestSettings>
</PhoronixTestSuite>
