<?xml version="1.0"?>
<PhoronixTestSuite>
	<TestProfile>
		<License>Free</License>
		<Status>Verified</Status>
	</TestProfile>
</PhoronixTestSuite>
