<?xml version="1.0"?>
<?xml-stylesheet type="text/xsl" href="xsl/pts-test-profile-viewer.xsl" ?>
<PhoronixTestSuite>
	<TestProfile>
		<Version>1.0.0</Version>
		<TestType>System</TestType>
		<SoftwareType>Utility</SoftwareType>
		<License>NON-Free</License>
		<Status>Verified</Status>
		<Maintainer>Michael Larabel</Maintainer>
		<EnvironmentSize>8.0</EnvironmentSize>
		<ProjectURL>http://www.primatelabs.ca/geekbench/</ProjectURL>
		<SupportedPlatforms>Linux, MacOSX</SupportedPlatforms>
	</TestProfile>
	<TestInformation>
		<Title>Geekbench</Title>
		<AppVersion>2.1</AppVersion>
		<TimesToRun>1</TimesToRun>
		<ResultScale>Geekbench Score</ResultScale>
		<Proportion>HIB</Proportion>
		<Description>Geekbench is a multi-platform benchmark to quickly and accurately measure processor and memory performance.</Description>
	</TestInformation>
</PhoronixTestSuite>
