<?xml version="1.0"?>
<!--Phoronix Test Suite v3.0.0a2 (Iveland) [ http://www.phoronix-test-suite.com/ ]-->
<PhoronixTestSuite>
  <TestInformation>
    <Title>Geekbench</Title>
    <Description>Geekbench is a multi-platform benchmark to quickly and accurately measure processor and memory performance.</Description>
    <ResultScale>Geekbench Score</ResultScale>
    <AppVersion>2.1</AppVersion>
    <Proportion>HIB</Proportion>
    <TimesToRun>1</TimesToRun>
  </TestInformation>
  <TestProfile>
    <Version>1.0.0</Version>
    <TestType>System</TestType>
    <SoftwareType>Utility</SoftwareType>
    <License>Non-Free</License>
    <Status>Verified</Status>
    <SupportedPlatforms>Linux, MacOSX</SupportedPlatforms>
    <EnvironmentSize>8.0</EnvironmentSize>
    <ProjectURL>http://www.primatelabs.ca/geekbench/</ProjectURL>
    <Maintainer>Michael Larabel</Maintainer>
  </TestProfile>
</PhoronixTestSuite>
