<?xml version="1.0"?>
<?xml-stylesheet type="text/xsl" href="xsl/pts-test-profile-viewer.xsl" ?>
<PhoronixTestSuite>
	<TestProfile>
		<Version>1.0.0</Version>
		<TestType>Processor</TestType>
		<SoftwareType>Utility</SoftwareType>
		<License>Non-Free</License>
		<Status>Verified</Status>
		<Maintainer>Michael Larabel</Maintainer>
		<EnvironmentSize>0.2</EnvironmentSize>
		<ProjectURL>http://www.bluesailsoftware.com/software/opstone/</ProjectURL>
		<SupportedPlatforms>Linux</SupportedPlatforms>
		<SupportedArchitectures>x86, x86_64</SupportedArchitectures>
	</TestProfile>
	<TestInformation>
		<Title>Opstone Singular Value Decomposition</Title>
		<SubTitle>Double-Precision Mean</SubTitle>
		<TimesToRun>3</TimesToRun>
		<ResultScale>Mflops</ResultScale>
		<Proportion>HIB</Proportion>
		<Description>This is a performance test of an Opstone CPU benchmark by Blue Sail Software.</Description>
	</TestInformation>
</PhoronixTestSuite>
