<?xml version="1.0"?>
<!--Phoronix Test Suite v3.0.0a2 (Iveland) [ http://www.phoronix-test-suite.com/ ]-->
<PhoronixTestSuite>
  <TestInformation>
    <ResultScale>Seconds</ResultScale>
    <TimesToRun>3</TimesToRun>
  </TestInformation>
  <TestProfile>
    <Version>1.1.0</Version>
    <TestType>Graphics</TestType>
    <SoftwareType>BaseTestProfile</SoftwareType>
    <License>Free</License>
    <Status>Verified</Status>
    <SupportedPlatforms>Linux, Solaris, BSD, MacOSX</SupportedPlatforms>
    <ExternalDependencies>build-utilities, xorg-development, xorg-video, zlib-development</ExternalDependencies>
    <Extends>video-sample</Extends>
    <EnvironmentSize>30.0</EnvironmentSize>
    <ProjectURL>http://www.mplayerhq.hu/</ProjectURL>
    <Maintainer>Michael Larabel</Maintainer>
  </TestProfile>
</PhoronixTestSuite>
