<?xml version="1.0"?>
<?xml-stylesheet type="text/xsl" href="xsl/pts-test-profile-viewer.xsl" ?>
<PhoronixTestSuite>
	<TestProfile>
		<Version>1.1.0</Version>
		<TestType>Processor</TestType>
		<SoftwareType>Utility</SoftwareType>
		<License>Free</License>
		<Status>EXPERIMENTAL</Status>
		<Maintainer>Phoronix Media</Maintainer>
		<ProjectURL>http://www.phoronix-test-suite.com/</ProjectURL>
	</TestProfile>
	<TestInformation>
		<Title>Sample Pi Program</Title>
		<TimesToRun>3</TimesToRun>
		<ResultScale>Seconds</ResultScale>
		<Proportion>LIB</Proportion>
		<Description>A simple C++ program that calculates Pi to 8,765,4321 digits using the Leibniz formula. This test can be used for showcasing how to write a basic test profile.</Description>
	</TestInformation>
</PhoronixTestSuite>
