<?xml version="1.0"?>
<!--Phoronix Test Suite v3.0.0a2 (Iveland) [ http://www.phoronix-test-suite.com/ ]-->
<PhoronixTestSuite>
  <TestInformation>
    <Title>Loopback TCP Network Performance</Title>
    <Description>This test measures the loopback network adapter performance using a micro-benchmark to measure the TCP performance.</Description>
    <ResultScale>Seconds</ResultScale>
    <SubTitle>Time To Transfer 10GB Via Loopback</SubTitle>
    <Proportion>LIB</Proportion>
    <TimesToRun>3</TimesToRun>
  </TestInformation>
  <TestProfile>
    <Version>1.0.0</Version>
    <TestType>Network</TestType>
    <SoftwareType>Utility</SoftwareType>
    <License>Free</License>
    <Status>Verified</Status>
    <SupportedPlatforms>Linux</SupportedPlatforms>
    <EnvironmentSize>1</EnvironmentSize>
    <ProjectURL>http://developer.amazonwebservices.com/connect/thread.jspa?threadID=45513</ProjectURL>
    <Maintainer>Michael Larabel</Maintainer>
  </TestProfile>
</PhoronixTestSuite>
