<?xml version="1.0"?>
<?xml-stylesheet type="text/xsl" href="xsl/pts-test-profile-viewer.xsl" ?>
<PhoronixTestSuite>
	<TestProfile>
		<Version>1.0.0</Version>
		<Maintainer>Michael Larabel</Maintainer>
		<EnvironmentSize>2.1</EnvironmentSize>
		<Extends>wine-humus-tests</Extends>
	</TestProfile>
	<TestInformation>
		<Title>Humus Metaballs</Title>
		<Description>This test uses WINE and runs an OpenGL demo with implementing the marching cubes algorithm for constructing a polygonal model from an isosurface.</Description>
	</TestInformation>
</PhoronixTestSuite>
