<?xml version="1.0"?>
<!--Phoronix Test Suite v3.0.0a2 (Iveland) [ http://www.phoronix-test-suite.com/ ]-->
<PhoronixTestSuite>
  <TestInformation>
    <Title>N-Queens</Title>
    <Description>This is a test of the OpenMP version of a test that solves the N-queens problem. The board problem size is 18.</Description>
    <ResultScale>Seconds</ResultScale>
    <AppVersion>1.0</AppVersion>
    <SubTitle>Elapsed Time</SubTitle>
    <Proportion>LIB</Proportion>
    <TimesToRun>2</TimesToRun>
  </TestInformation>
  <TestProfile>
    <Version>1.0.0</Version>
    <TestType>Processor</TestType>
    <SoftwareType>Utility</SoftwareType>
    <License>Free</License>
    <Status>Verified</Status>
    <SupportedPlatforms>Linux, BSD</SupportedPlatforms>
    <ExternalDependencies>build-utilities</ExternalDependencies>
    <EnvironmentSize>1.4</EnvironmentSize>
    <ProjectURL>http://www.arch.cs.titech.ac.jp/~kise/nq/index.htm</ProjectURL>
    <Maintainer>Michael Larabel</Maintainer>
  </TestProfile>
  <TestSettings>
    <Default>
      <Arguments>18</Arguments>
    </Default>
  </TestSettings>
</PhoronixTestSuite>
