<?xml version="1.0"?>
<!--Phoronix Test Suite v3.0.0a2 (Iveland) [ http://www.phoronix-test-suite.com/ ]-->
<PhoronixTestSuite>
  <TestInformation>
    <Title>StressCPU2 Stress-Test</Title>
    <Description>This test runs a series of GROMACS inner loops hand coded in assembly for speed and efficiency on SSE units. The short run lengths are only useful for heating up your CPU, for a proper test, use the 6 or 12 hour run length. This test will cause unstable hardware to stop responding and require a hard reboot.</Description>
    <ResultScale>Stress Test</ResultScale>
    <AppVersion>2</AppVersion>
    <SubTitle>Tight GROMACS Inner-Loops</SubTitle>
    <DisplayFormat>PASS_FAIL</DisplayFormat>
    <Executable>launch</Executable>
    <TimesToRun>1</TimesToRun>
  </TestInformation>
  <TestProfile>
    <Version>1.0.1</Version>
    <TestType>Processor</TestType>
    <SoftwareType>Utility</SoftwareType>
    <License>Free</License>
    <Status>Verified</Status>
    <SupportedPlatforms>Linux</SupportedPlatforms>
    <SupportedArchitectures>x86, x86_64</SupportedArchitectures>
    <EnvironmentSize>2</EnvironmentSize>
    <Maintainer>Andrew Schofield</Maintainer>
  </TestProfile>
  <TestSettings>
    <Option>
      <DisplayName>Run-Time</DisplayName>
      <Identifier>runtime</Identifier>
      <Menu>
        <Entry>
          <Name>5 Minutes</Name>
          <Value>00:05:00</Value>
        </Entry>
        <Entry>
          <Name>30 Minutes</Name>
          <Value>00:30:00</Value>
        </Entry>
        <Entry>
          <Name>1 Hour</Name>
          <Value>01:00:00</Value>
        </Entry>
        <Entry>
          <Name>6 Hours</Name>
          <Value>06:00:00</Value>
        </Entry>
        <Entry>
          <Name>12 Hours</Name>
          <Value>12:00:00</Value>
        </Entry>
      </Menu>
    </Option>
  </TestSettings>
</PhoronixTestSuite>
