<?xml version="1.0"?>
<?xml-stylesheet type="text/xsl" href="xsl/pts-test-profile-viewer.xsl" ?>
<PhoronixTestSuite>
	<TestProfile>
		<Version>1.2.0</Version>
		<TestType>Processor</TestType>
		<SoftwareType>Utility</SoftwareType>
		<License>FREE</License>
		<Status>VERIFIED</Status>
		<Maintainer>Michael Larabel</Maintainer>
		<EnvironmentSize>353</EnvironmentSize>
		<ProjectURL>http://www.videolan.org/developers/x264.html</ProjectURL>
		<ExternalDependencies>build-utilities, yasm</ExternalDependencies>
	</TestProfile>
	<TestInformation>
		<Title>x264</Title>
		<AppVersion>2010-11-22</AppVersion>
		<SubTitle>H.264 Video Encoding</SubTitle>
		<TimesToRun>3</TimesToRun>
		<ResultScale>Frames Per Second</ResultScale>
		<Proportion>HIB</Proportion>
		<Description>This is a simple test of the x264 H.264/AVC encoder.</Description>
	</TestInformation>
</PhoronixTestSuite>
