<?xml version="1.0"?>
<?xml-stylesheet type="text/xsl" href="xsl/pts-test-profile-viewer.xsl" ?>
<PhoronixTestSuite>
	<TestProfile>
		<Version>1.2.0</Version>
		<TestType>Processor</TestType>
		<SoftwareType>Utility</SoftwareType>
		<License>Free</License>
		<Status>Verified</Status>
		<EnvironmentSize>0.7</EnvironmentSize>
		<EnvironmentTestingSize>256</EnvironmentTestingSize>
		<ExternalDependencies>build-utilities</ExternalDependencies>
		<ProjectURL>http://www.7-zip.org/sdk.html</ProjectURL>
		<Maintainer>apaige</Maintainer>
	</TestProfile>
	<TestInformation>
		<Title>LZMA Compression</Title>
		<TimesToRun>3</TimesToRun>
		<SubTitle>256MB File Compression</SubTitle>
		<ResultScale>Seconds</ResultScale>
		<Proportion>LIB</Proportion>
		<Description>This test measures the time needed to compress a file using LZMA compression.</Description>
	</TestInformation>
</PhoronixTestSuite>
