<?xml version="1.0"?>
<?xml-stylesheet type="text/xsl" href="xsl/pts-test-profile-viewer.xsl" ?>
<PhoronixTestSuite>
	<TestProfile>
		<Version>1.2.0</Version>
		<Maintainer>Michael Larabel</Maintainer>
		<ProjectURL>http://www.kernel.org/</ProjectURL>
		<Extends>timed-build</Extends>
		<SupportedPlatforms>Linux</SupportedPlatforms>
	</TestProfile>
	<TestInformation>
		<Title>Timed Linux Kernel Compilation</Title>
		<AppVersion>2.6.25</AppVersion>
		<Executable>time-compile-kernel</Executable>
		<Description>This test times how long it takes to build the Linux kernel.</Description>
	</TestInformation>
</PhoronixTestSuite>
