<?xml version="1.0"?>
<?xml-stylesheet type="text/xsl" href="xsl/pts-test-profile-viewer.xsl" ?>
<PhoronixTestSuite>
	<TestProfile>
		<Version>1.5.1</Version>
		<Maintainer>Michael Larabel</Maintainer>
		<ProjectURL>http://www.imagemagick.org/</ProjectURL>
		<Extends>timed-build</Extends>
		<ExternalDependencies>build-utilities, perl</ExternalDependencies>
		<SupportedPlatforms>Linux, MacOSX, BSD</SupportedPlatforms>
	</TestProfile>
	<TestInformation>
		<Title>Timed ImageMagick Compilation</Title>
		<AppVersion>6.6.3-4</AppVersion>
		<Executable>time-compile-imagemagick</Executable>
		<Description>This test times how long it takes to build ImageMagick.</Description>
	</TestInformation>
</PhoronixTestSuite>
