<?xml version="1.0"?>
<!--Phoronix Test Suite v3.0.0a2 (Iveland) [ http://www.phoronix-test-suite.com/ ]-->
<PhoronixTestSuite>
  <TestInformation>
    <Title>AIO-Stress</Title>
    <Description>AIO-Stress is an a-synchronous I/O benchmark created by SuSE. Current this profile uses a 2048MB test file and a 64KB record size.</Description>
    <ResultScale>MB/s</ResultScale>
    <AppVersion>0.21</AppVersion>
    <Proportion>HIB</Proportion>
    <TimesToRun>3</TimesToRun>
  </TestInformation>
  <TestProfile>
    <Version>1.1.0</Version>
    <TestType>Disk</TestType>
    <SoftwareType>Benchmark</SoftwareType>
    <Maintainer>Michael Larabel</Maintainer>
    <License>Free</License>
    <Status>Verified</Status>
    <SupportedPlatforms>Linux</SupportedPlatforms>
    <ExternalDependencies>build-utilities, libaio-development</ExternalDependencies>
    <EnvironmentSize>0.5</EnvironmentSize>
    <EnvironmentTestingSize>1024</EnvironmentTestingSize>
  </TestProfile>
  <TestSettings>
    <Default>
      <Arguments>-s 2g -r 64k -t 3</Arguments>
    </Default>
    <Option>
      <DisplayName>Test</DisplayName>
      <Identifier>test</Identifier>
      <ArgumentPrefix>-o </ArgumentPrefix>
      <Menu>
        <Entry>
          <Name>Random Write</Name>
          <Value>2</Value>
        </Entry>
      </Menu>
    </Option>
  </TestSettings>
</PhoronixTestSuite>
