<?xml version="1.0"?>
<?xml-stylesheet type="text/xsl" href="xsl/pts-test-profile-viewer.xsl" ?>
<PhoronixTestSuite>
	<TestProfile>
		<Version>1.5.0</Version>
		<TestType>Processor</TestType>
		<SoftwareType>Utility</SoftwareType>
		<License>FREE</License>
		<Status>VERIFIED</Status>
		<Maintainer>Michael Larabel</Maintainer>
		<EnvironmentSize>127</EnvironmentSize>
		<ProjectURL>http://ffmpeg.mplayerhq.hu/</ProjectURL>
		<Extends>video-sample</Extends>
		<ExternalDependencies>build-utilities</ExternalDependencies>
	</TestProfile>
	<TestInformation>
		<Title>FFmpeg</Title>
		<Version>0.6.1</Version>
		<SubTitle>AVI To NTSC VCD</SubTitle>
		<TimesToRun>3</TimesToRun>
		<ResultScale>Seconds</ResultScale>
		<Proportion>LIB</Proportion>
		<Description>This test uses FFmpeg for testing the system's audio/video encoding performance.</Description>
	</TestInformation>
</PhoronixTestSuite>
