<?xml version="1.0"?>
<?xml-stylesheet type="text/xsl" href="xsl/pts-test-profile-viewer.xsl" ?>
<PhoronixTestSuite>
	<TestProfile>
		<Version>1.0.0</Version>
		<TestType>Processor</TestType>
		<SoftwareType>Utility</SoftwareType>
		<License>FREE</License>
		<Status>VERIFIED</Status>
		<Maintainer>Michael Larabel</Maintainer>
		<EnvironmentSize>6.0</EnvironmentSize>
		<ExternalDependencies>build-utilities</ExternalDependencies>
		<ProjectURL>http://www.futuretech.blinkenlights.nl/c-ray.html</ProjectURL>
	</TestProfile>
	<TestInformation>
		<Title>C-Ray</Title>
		<Version>1.1</Version>
		<SubTitle>Total Time</SubTitle>
		<TimesToRun>3</TimesToRun>
		<ResultScale>Seconds</ResultScale>
		<Proportion>LIB</Proportion>
		<Description>This is a test of C-Ray, a simple raytracer designed to test the floating-point CPU performance. This test is multi-threaded (16 threads per core), will shoot 8 rays per pixel for anti-aliasing, and will generate a 1600 x 1200 image.</Description>
	</TestInformation>
</PhoronixTestSuite>
