<?xml version="1.0"?>
<?xml-stylesheet type="text/xsl" href="xsl/pts-test-profile-viewer.xsl" ?>
<PhoronixTestSuite>
	<TestProfile>
		<Version>1.0.0</Version>
		<TestType>Processor</TestType>
		<SoftwareType>Utility</SoftwareType>
		<License>FREE</License>
		<Status>VERIFIED</Status>
		<Maintainer>Michael Larabel</Maintainer>
		<EnvironmentSize>0.3</EnvironmentSize>
		<ExternalDependencies>build-utilities</ExternalDependencies>
		<ProjectURL>http://www.tckerrigan.com/Chess/TSCP</ProjectURL>
	</TestProfile>
	<TestInformation>
		<Title>TSCP</Title>
		<AppVersion>1.81</AppVersion>
		<SubTitle>AI Chess Performance</SubTitle>
		<TimesToRun>5</TimesToRun>
		<ResultScale>Nodes Per Second</ResultScale>
		<Proportion>HIB</Proportion>
		<Description>This is a performance test of TSCP, Tom Kerrigan's Simple Chess Program, which has a built-in performance benchmark.</Description>
	</TestInformation>
</PhoronixTestSuite>
