<?xml version="1.0"?>
<?xml-stylesheet type="text/xsl" href="xsl/pts-test-profile-viewer.xsl" ?>
<PhoronixTestSuite>
	<TestProfile>
		<Version>1.0.0</Version>
		<TestType>Graphics</TestType>
		<SoftwareType>Game</SoftwareType>
		<License>FREE</License>
		<Status>VERIFIED</Status>
		<Maintainer>Michael Larabel</Maintainer>
		<EnvironmentSize>87.4</EnvironmentSize>
		<SupportedArchitectures>x86, x86_64</SupportedArchitectures>
		<ExternalDependencies>glut, glew, build-utilities, sdl-development, lib3ds</ExternalDependencies>
		<ProjectURL>http://www.stud.fit.vutbr.cz/~xvanek29/gluxmark2/</ProjectURL>
		<SupportedPlatforms>Linux</SupportedPlatforms>
	</TestProfile>
	<TestInformation>
		<Title>gluxMark</Title>
		<Version>2.2</Version>
		<TimesToRun>3</TimesToRun>
		<ResultScale>Total Score</ResultScale>
		<Proportion>HIB</Proportion>
		<Description>This test runs gluxMark, an OpenGL 3.2 benchmark and supports OpenCL. This test is run with 4x anti-aliasing.</Description>
	</TestInformation>
	<TestSettings>
		<Default>
			<Arguments>-aa 4</Arguments>
		</Default>
		<Option>
			<DisplayName>Resolution</DisplayName>
			<Identifier>auto-resolution</Identifier>
			<Menu>
				<Entry>
					<Name>$VIDEO_WIDTH x $VIDEO_HEIGHT</Name>
					<Value>-f $VIDEO_WIDTH $VIDEO_HEIGHT</Value>
				</Entry>
			</Menu>
		</Option>
		<Option>
			<DisplayName>Test</DisplayName>
			<Identifier>test</Identifier>
			<Menu>
				<Entry>
					<Name>Fill-Rate</Name>
					<Value>-t fillrate</Value>
				</Entry>
				<Entry>
					<Name>Fragment</Name>
					<Value>-t fragment</Value>
				</Entry>
				<Entry>
					<Name>Geometry</Name>
					<Value>-t geometry</Value>
				</Entry>
				<Entry>
					<Name>Vertex</Name>
					<Value>-t vertex</Value>
				</Entry>
				<Entry>
					<Name>Complex</Name>
					<Value>-t complex</Value>
				</Entry>
				<Entry>
					<Name>Compute</Name>
					<Value>-t compute</Value>
				</Entry>
			</Menu>
		</Option>
	</TestSettings>
</PhoronixTestSuite>
