<?xml version="1.0"?>
<!--Phoronix Test Suite v3.0.0a2 (Iveland) [ http://www.phoronix-test-suite.com/ ]-->
<PhoronixTestSuite>
  <TestInformation>
    <Title>Timed MySQL Compilation</Title>
    <Description>This test times how long it takes to build MySQL 5.1.</Description>
    <ResultScale>Seconds</ResultScale>
    <AppVersion>5.1.30</AppVersion>
    <SubTitle>Time To Compile</SubTitle>
    <Proportion>LIB</Proportion>
  </TestInformation>
  <TestProfile>
    <Version>1.0.0</Version>
    <TestType>Processor</TestType>
    <SoftwareType>Utility</SoftwareType>
    <License>Free</License>
    <Status>Verified</Status>
    <ExternalDependencies>build-utilities, ncurses-development</ExternalDependencies>
    <EnvironmentSize>180.4</EnvironmentSize>
    <ProjectURL>http://www.mysql.com/</ProjectURL>
    <Maintainer>Michael Larabel</Maintainer>
  </TestProfile>
</PhoronixTestSuite>
