<?xml version="1.0"?>
<?xml-stylesheet type="text/xsl" href="xsl/pts-test-profile-viewer.xsl" ?>
<PhoronixTestSuite>
	<TestProfile>
		<Version>1.0.0</Version>
		<Maintainer>Michael Larabel</Maintainer>
		<EnvironmentSize>180.4</EnvironmentSize>
		<ProjectURL>http://www.mysql.com/</ProjectURL>
		<Extends>timed-build</Extends>
		<ExternalDependencies>build-utilities, ncurses-development</ExternalDependencies>
	</TestProfile>
	<TestInformation>
		<Title>Timed MySQL Compilation</Title>
		<AppVersion>5.1.30</AppVersion>
		<Description>This test times how long it takes to build MySQL 5.1.</Description>
	</TestInformation>
</PhoronixTestSuite>
